[29-Sep-2023 11:19:29 UTC] PHP Fatal error:  Cannot use isset() on the result of an expression (you can use "null !== expression" instead) in /home2/v4masters/admin.v4masters.com/app/Http/Controllers/Home/ManagemasterclassController.php on line 366
[04-Oct-2023 17:19:05 UTC] PHP Fatal error:  Cannot use [] for reading in /home2/v4masters/admin.v4masters.com/app/Http/Controllers/Home/ManageCategoryController.php on line 605
[24-Oct-2023 13:15:18 UTC] PHP Fatal error:  Cannot redeclare App\Http\Controllers\Home\ManagemasterclassController::deleteinventoryform() in /home2/v4masters/admin.v4masters.com/app/Http/Controllers/Home/ManagemasterclassController.php on line 2020
[24-Oct-2023 13:17:19 UTC] PHP Fatal error:  Cannot redeclare App\Http\Controllers\Home\ManagemasterclassController::deleteinventoryform() in /home2/v4masters/admin.v4masters.com/app/Http/Controllers/Home/ManagemasterclassController.php on line 2020
[23-Nov-2023 09:35:40 UTC] PHP Fatal error:  Composer detected issues in your platform: Your Composer dependencies require a PHP version ">= 8.1.0". You are running 5.6.40. in /home/v4masters/admin.v4masters.com/vendor/composer/platform_check.php on line 25
[23-Nov-2023 09:35:44 UTC] PHP Fatal error:  Composer detected issues in your platform: Your Composer dependencies require a PHP version ">= 8.1.0". You are running 5.6.40. in /home/v4masters/admin.v4masters.com/vendor/composer/platform_check.php on line 25
[23-Nov-2023 09:35:47 UTC] PHP Fatal error:  Composer detected issues in your platform: Your Composer dependencies require a PHP version ">= 8.1.0". You are running 5.6.40. in /home/v4masters/admin.v4masters.com/vendor/composer/platform_check.php on line 25
[23-Nov-2023 09:35:55 UTC] PHP Fatal error:  Composer detected issues in your platform: Your Composer dependencies require a PHP version ">= 8.1.0". You are running 5.6.40. in /home/v4masters/admin.v4masters.com/vendor/composer/platform_check.php on line 25
[23-Nov-2023 09:35:59 UTC] PHP Fatal error:  Composer detected issues in your platform: Your Composer dependencies require a PHP version ">= 8.1.0". You are running 5.6.40. in /home/v4masters/admin.v4masters.com/vendor/composer/platform_check.php on line 25
[23-Nov-2023 09:36:24 UTC] PHP Fatal error:  Composer detected issues in your platform: Your Composer dependencies require a PHP version ">= 8.1.0". You are running 5.6.40. in /home/v4masters/admin.v4masters.com/vendor/composer/platform_check.php on line 25
[23-Nov-2023 09:36:39 UTC] PHP Fatal error:  Composer detected issues in your platform: Your Composer dependencies require a PHP version ">= 8.1.0". You are running 5.6.40. in /home/v4masters/admin.v4masters.com/vendor/composer/platform_check.php on line 25
[23-Nov-2023 09:36:42 UTC] PHP Fatal error:  Composer detected issues in your platform: Your Composer dependencies require a PHP version ">= 8.1.0". You are running 5.6.40. in /home/v4masters/admin.v4masters.com/vendor/composer/platform_check.php on line 25
[23-Nov-2023 09:36:48 UTC] PHP Fatal error:  Composer detected issues in your platform: Your Composer dependencies require a PHP version ">= 8.1.0". You are running 5.6.40. in /home/v4masters/admin.v4masters.com/vendor/composer/platform_check.php on line 25
[23-Nov-2023 09:37:06 UTC] PHP Fatal error:  Composer detected issues in your platform: Your Composer dependencies require a PHP version ">= 8.1.0". You are running 5.6.40. in /home/v4masters/admin.v4masters.com/vendor/composer/platform_check.php on line 25
[23-Nov-2023 09:37:26 UTC] PHP Fatal error:  Composer detected issues in your platform: Your Composer dependencies require a PHP version ">= 8.1.0". You are running 5.6.40. in /home/v4masters/admin.v4masters.com/vendor/composer/platform_check.php on line 25
[23-Nov-2023 09:37:32 UTC] PHP Fatal error:  Composer detected issues in your platform: Your Composer dependencies require a PHP version ">= 8.1.0". You are running 5.6.40. in /home/v4masters/admin.v4masters.com/vendor/composer/platform_check.php on line 25
[23-Nov-2023 09:37:38 UTC] PHP Fatal error:  Composer detected issues in your platform: Your Composer dependencies require a PHP version ">= 8.1.0". You are running 5.6.40. in /home/v4masters/admin.v4masters.com/vendor/composer/platform_check.php on line 25
[23-Nov-2023 09:37:39 UTC] PHP Fatal error:  Composer detected issues in your platform: Your Composer dependencies require a PHP version ">= 8.1.0". You are running 5.6.40. in /home/v4masters/admin.v4masters.com/vendor/composer/platform_check.php on line 25
[23-Nov-2023 09:37:39 UTC] PHP Fatal error:  Composer detected issues in your platform: Your Composer dependencies require a PHP version ">= 8.1.0". You are running 5.6.40. in /home/v4masters/admin.v4masters.com/vendor/composer/platform_check.php on line 25
[23-Nov-2023 09:37:44 UTC] PHP Fatal error:  Composer detected issues in your platform: Your Composer dependencies require a PHP version ">= 8.1.0". You are running 5.6.40. in /home/v4masters/admin.v4masters.com/vendor/composer/platform_check.php on line 25
[23-Nov-2023 09:37:55 UTC] PHP Fatal error:  Composer detected issues in your platform: Your Composer dependencies require a PHP version ">= 8.1.0". You are running 5.6.40. in /home/v4masters/admin.v4masters.com/vendor/composer/platform_check.php on line 25
[23-Nov-2023 09:40:11 UTC] PHP Fatal error:  Composer detected issues in your platform: Your Composer dependencies require a PHP version ">= 8.1.0". You are running 5.6.40. in /home/v4masters/admin.v4masters.com/vendor/composer/platform_check.php on line 25
[23-Nov-2023 09:41:24 UTC] PHP Fatal error:  Composer detected issues in your platform: Your Composer dependencies require a PHP version ">= 8.1.0". You are running 5.6.40. in /home/v4masters/admin.v4masters.com/vendor/composer/platform_check.php on line 25
[23-Nov-2023 09:41:26 UTC] PHP Fatal error:  Composer detected issues in your platform: Your Composer dependencies require a PHP version ">= 8.1.0". You are running 5.6.40. in /home/v4masters/admin.v4masters.com/vendor/composer/platform_check.php on line 25
[23-Nov-2023 09:41:38 UTC] PHP Fatal error:  Composer detected issues in your platform: Your Composer dependencies require a PHP version ">= 8.1.0". You are running 5.6.40. in /home/v4masters/admin.v4masters.com/vendor/composer/platform_check.php on line 25
[23-Nov-2023 09:41:50 UTC] PHP Fatal error:  Composer detected issues in your platform: Your Composer dependencies require a PHP version ">= 8.1.0". You are running 5.6.40. in /home/v4masters/admin.v4masters.com/vendor/composer/platform_check.php on line 25
[23-Nov-2023 14:29:21 UTC] PHP Fatal error:  Uncaught RuntimeException: A facade root has not been set. in /home/v4masters/admin.v4masters.com/vendor/laravel/framework/src/Illuminate/Support/Facades/Facade.php:350
Stack trace:
#0 /home/v4masters/admin.v4masters.com/vendor/laravel/framework/src/Illuminate/Foundation/Exceptions/RegisterErrorViewPaths.php(18): Illuminate\Support\Facades\Facade::__callStatic()
#1 /home/v4masters/admin.v4masters.com/vendor/laravel/framework/src/Illuminate/Foundation/Exceptions/Handler.php(697): Illuminate\Foundation\Exceptions\RegisterErrorViewPaths->__invoke()
#2 /home/v4masters/admin.v4masters.com/vendor/laravel/framework/src/Illuminate/Foundation/Exceptions/Handler.php(678): Illuminate\Foundation\Exceptions\Handler->registerErrorViewPaths()
#3 /home/v4masters/admin.v4masters.com/vendor/laravel/framework/src/Illuminate/Foundation/Exceptions/Handler.php(609): Illuminate\Foundation\Exceptions\Handler->renderHttpException()
#4 /home/v4masters/admin.v4masters.com/vendor/laravel/framework/src/Illuminate/Foundation/Exceptions/Handler.php(515): Illuminate\Foundation\Exceptions\Handler->prepareResponse()
#5 /home/v4masters/admin.v4masters.com/vendor/laravel/framework/src/Illuminate/Foundation/Exceptions/Handler.php(432): Illuminate\Foundation\Exceptions\Handler->renderExceptionResponse()
#6 /home/v4masters/admin.v4masters.com/vendor/laravel/framework/src/Illuminate/Foundation/Http/Kernel.php(509): Illuminate\Foundation\Exceptions\Handler->render()
#7 /home/v4masters/admin.v4masters.com/vendor/laravel/framework/src/Illuminate/Foundation/Http/Kernel.php(148): Illuminate\Foundation\Http\Kernel->renderException()
#8 /home/v4masters/admin.v4masters.com/public/index.php(52): Illuminate\Foundation\Http\Kernel->handle()
#9 {main}
  thrown in /home/v4masters/admin.v4masters.com/vendor/laravel/framework/src/Illuminate/Support/Facades/Facade.php on line 350
[23-Nov-2023 14:29:23 UTC] PHP Fatal error:  Uncaught RuntimeException: A facade root has not been set. in /home/v4masters/admin.v4masters.com/vendor/laravel/framework/src/Illuminate/Support/Facades/Facade.php:350
Stack trace:
#0 /home/v4masters/admin.v4masters.com/vendor/laravel/framework/src/Illuminate/Foundation/Exceptions/RegisterErrorViewPaths.php(18): Illuminate\Support\Facades\Facade::__callStatic()
#1 /home/v4masters/admin.v4masters.com/vendor/laravel/framework/src/Illuminate/Foundation/Exceptions/Handler.php(697): Illuminate\Foundation\Exceptions\RegisterErrorViewPaths->__invoke()
#2 /home/v4masters/admin.v4masters.com/vendor/laravel/framework/src/Illuminate/Foundation/Exceptions/Handler.php(678): Illuminate\Foundation\Exceptions\Handler->registerErrorViewPaths()
#3 /home/v4masters/admin.v4masters.com/vendor/laravel/framework/src/Illuminate/Foundation/Exceptions/Handler.php(609): Illuminate\Foundation\Exceptions\Handler->renderHttpException()
#4 /home/v4masters/admin.v4masters.com/vendor/laravel/framework/src/Illuminate/Foundation/Exceptions/Handler.php(515): Illuminate\Foundation\Exceptions\Handler->prepareResponse()
#5 /home/v4masters/admin.v4masters.com/vendor/laravel/framework/src/Illuminate/Foundation/Exceptions/Handler.php(432): Illuminate\Foundation\Exceptions\Handler->renderExceptionResponse()
#6 /home/v4masters/admin.v4masters.com/vendor/laravel/framework/src/Illuminate/Foundation/Http/Kernel.php(509): Illuminate\Foundation\Exceptions\Handler->render()
#7 /home/v4masters/admin.v4masters.com/vendor/laravel/framework/src/Illuminate/Foundation/Http/Kernel.php(148): Illuminate\Foundation\Http\Kernel->renderException()
#8 /home/v4masters/admin.v4masters.com/public/index.php(52): Illuminate\Foundation\Http\Kernel->handle()
#9 {main}
  thrown in /home/v4masters/admin.v4masters.com/vendor/laravel/framework/src/Illuminate/Support/Facades/Facade.php on line 350
[29-Nov-2023 16:31:08 UTC] PHP Fatal error:  Cannot use isset() on the result of an expression (you can use "null !== expression" instead) in /home/v4masters/admin.v4masters.com/app/Http/Controllers/Home/ManagemasterclassController.php on line 1393
[29-Nov-2023 16:31:18 UTC] PHP Fatal error:  Cannot use isset() on the result of an expression (you can use "null !== expression" instead) in /home/v4masters/admin.v4masters.com/app/Http/Controllers/Home/ManagemasterclassController.php on line 1393
[30-Nov-2023 11:00:36 UTC] PHP Fatal error:  Cannot use isset() on the result of an expression (you can use "null !== expression" instead) in /home/v4masters/admin.v4masters.com/app/Http/Controllers/Home/ManagemasterclassController.php on line 1625
[06-Dec-2023 14:50:08 UTC] PHP Fatal error:  Cannot declare class App\Http\Controllers\Auth\LoginController, because the name is already in use in /home/v4masters/admin.v4masters.com/app/Http/Controllers/Home/Auth/LoginController.php on line 8
[08-Dec-2023 11:29:44 UTC] PHP Fatal error:  Cannot redeclare App\Http\Controllers\Home\ManagemasterclassController::edituser_student() in /home/v4masters/admin.v4masters.com/app/Http/Controllers/Home/ManagemasterclassController.php on line 213
[08-Dec-2023 11:29:45 UTC] PHP Fatal error:  Cannot redeclare App\Http\Controllers\Home\ManagemasterclassController::edituser_student() in /home/v4masters/admin.v4masters.com/app/Http/Controllers/Home/ManagemasterclassController.php on line 213
[11-Dec-2023 12:39:49 UTC] PHP Fatal error:  Cannot redeclare App\Http\Controllers\Home\ManagemasterclassController::updatemasterboard() in /home/v4masters/admin.v4masters.com/app/Http/Controllers/Home/ManagemasterclassController.php on line 544
[11-Dec-2023 12:40:14 UTC] PHP Fatal error:  Cannot redeclare App\Http\Controllers\Home\ManagemasterclassController::updatesettype() in /home/v4masters/admin.v4masters.com/app/Http/Controllers/Home/ManagemasterclassController.php on line 194
[12-Dec-2023 08:57:34 UTC] PHP Fatal error:  Cannot use App\Http\Controllers\API\HomeController as HomeController because the name is already in use in /home/v4masters/admin.v4masters.com/routes/web.php on line 25
[13-Dec-2023 10:11:59 UTC] PHP Fatal error:  Trait "Laravel\Passport\HasApiTokens" not found in /home/v4masters/admin.v4masters.com/app/Models/API/User.php on line 11
[14-Dec-2023 05:30:56 UTC] PHP Fatal error:  Trait "Laravel\Passport\HasApiTokens" not found in /home/v4masters/admin.v4masters.com/app/Models/API/User.php on line 11
[14-Dec-2023 05:38:34 UTC] PHP Fatal error:  Trait "Laravel\Passport\HasApiTokens" not found in /home/v4masters/admin.v4masters.com/app/Models/API/User.php on line 11
[14-Dec-2023 05:40:42 UTC] PHP Fatal error:  Trait "Laravel\Passport\HasApiTokens" not found in /home/v4masters/admin.v4masters.com/app/Models/API/User.php on line 11
[14-Dec-2023 05:41:30 UTC] PHP Fatal error:  Trait "Laravel\Passport\HasApiTokens" not found in /home/v4masters/admin.v4masters.com/app/Models/API/User.php on line 11
[14-Dec-2023 05:41:34 UTC] PHP Fatal error:  Trait "Laravel\Passport\HasApiTokens" not found in /home/v4masters/admin.v4masters.com/app/Models/API/User.php on line 11
[14-Dec-2023 05:43:53 UTC] PHP Fatal error:  Trait "Laravel\Passport\HasApiTokens" not found in /home/v4masters/admin.v4masters.com/app/Models/API/User.php on line 11
[14-Dec-2023 06:10:13 UTC] PHP Fatal error:  Trait "Laravel\Passport\HasApiTokens" not found in /home/v4masters/admin.v4masters.com/app/Models/API/User.php on line 11
[21-Dec-2023 09:53:14 UTC] PHP Fatal error:  Trait "Laravel\Passport\HasApiTokens" not found in /home/v4masters/admin.v4masters.com/app/Models/API/User.php on line 11
[21-Dec-2023 10:03:16 UTC] PHP Fatal error:  Trait "Laravel\Passport\HasApiTokens" not found in /home/v4masters/admin.v4masters.com/app/Models/API/User.php on line 11
[21-Dec-2023 10:03:51 UTC] PHP Fatal error:  Trait "Laravel\Passport\HasApiTokens" not found in /home/v4masters/admin.v4masters.com/app/Models/API/User.php on line 11
[21-Dec-2023 10:16:39 UTC] PHP Fatal error:  Trait "Laravel\Passport\HasApiTokens" not found in /home/v4masters/admin.v4masters.com/app/Models/API/User.php on line 11
[21-Dec-2023 10:17:50 UTC] PHP Fatal error:  Trait "Laravel\Passport\HasApiTokens" not found in /home/v4masters/admin.v4masters.com/app/Models/API/User.php on line 11
[21-Dec-2023 10:17:55 UTC] PHP Fatal error:  Trait "Laravel\Passport\HasApiTokens" not found in /home/v4masters/admin.v4masters.com/app/Models/API/User.php on line 11
[21-Dec-2023 11:06:07 UTC] PHP Fatal error:  Cannot declare class App\Http\Controllers\API\Auth because the name is already in use in /home/v4masters/admin.v4masters.com/app/Http/Controllers/API/Register.php on line 12
[21-Dec-2023 11:06:12 UTC] PHP Fatal error:  Cannot declare class App\Http\Controllers\API\Auth because the name is already in use in /home/v4masters/admin.v4masters.com/app/Http/Controllers/API/Register.php on line 12
[21-Dec-2023 11:07:39 UTC] PHP Fatal error:  Cannot declare class App\Http\Controllers\API\Auth because the name is already in use in /home/v4masters/admin.v4masters.com/app/Http/Controllers/API/Auth.php on line 12
[22-Dec-2023 12:02:44 UTC] PHP Fatal error:  Cannot declare class App\Http\Controllers\Auth\AuthController, because the name is already in use in /home/v4masters/admin.v4masters.com/app/Http/Controllers/Home/AuthController.php on line 13
[22-Dec-2023 12:04:02 UTC] PHP Fatal error:  Cannot declare class App\Http\Controllers\Auth\AuthController, because the name is already in use in /home/v4masters/admin.v4masters.com/app/Http/Controllers/AuthController.php on line 13
[22-Dec-2023 12:13:22 UTC] PHP Fatal error:  Cannot declare class App\Http\Controllers\Auth\AuthController, because the name is already in use in /home/v4masters/admin.v4masters.com/app/Http/Controllers/AuthController.php on line 13
[26-Dec-2023 12:11:02 UTC] PHP Fatal error:  Cannot redeclare App\Http\Controllers\Home\ManageSchoolsetController::get_school_list() in /home/v4masters/admin.v4masters.com/app/Http/Controllers/Home/ManageSchoolsetController.php on line 111
[26-Dec-2023 15:11:28 UTC] PHP Fatal error:  Cannot declare class App\Http\Controllers\InventoryController, because the name is already in use in /home/v4masters/admin.v4masters.com/app/Http/Controllers/API/InventoryController.php on line 17
[29-Dec-2023 11:13:30 UTC] PHP Fatal error:  Cannot redeclare App\Http\Controllers\Home\Auth\LoginController::login() in /home/v4masters/admin.v4masters.com/app/Http/Controllers/Home/Auth/LoginController.php on line 16
[08-Jan-2024 09:45:38 UTC] PHP Fatal error:  Cannot declare class App\Http\Controllers\API\Auth\AuthController, because the name is already in use in /home/v4masters/admin.v4masters.com/app/Http/Controllers/API/AuthController.php on line 16
[08-Jan-2024 09:46:11 UTC] PHP Fatal error:  Cannot declare class App\Http\Controllers\API\AuthController\AuthController, because the name is already in use in /home/v4masters/admin.v4masters.com/app/Http/Controllers/API/AuthController.php on line 16
[08-Jan-2024 09:47:39 UTC] PHP Fatal error:  Cannot use Illuminate\Support\Facades\Validator as Validator because the name is already in use in /home/v4masters/admin.v4masters.com/app/Http/Controllers/API/AuthController.php on line 17
[29-Jan-2024 06:02:31 UTC] PHP Fatal error:  Cannot use temporary expression in write context in /home/v4masters/admin.v4masters.com/app/Http/Controllers/API/OrderController.php on line 106
[29-Jan-2024 09:20:23 UTC] PHP Fatal error:  Composer detected issues in your platform: Your Composer dependencies require a PHP version ">= 8.1.0". You are running 5.6.40. in /home/v4masters/public_html/admin/vendor/composer/platform_check.php on line 25
[30-Jan-2024 14:55:17 UTC] PHP Fatal error:  Cannot use Validator as Validator because the name is already in use in /home/v4masters/public_html/admin/app/Http/Controllers/API/SchoolSetController.php on line 10
[03-Feb-2024 14:47:14 UTC] PHP Fatal error:  Allowed memory size of 536870912 bytes exhausted (tried to allocate 536870920 bytes) in /home/v4masters/public_html/admin/app/Http/Controllers/API/MyCartController.php on line 75
[03-Feb-2024 14:49:10 UTC] PHP Fatal error:  Allowed memory size of 536870912 bytes exhausted (tried to allocate 20480 bytes) in /home/v4masters/public_html/admin/app/Http/Controllers/API/MyCartController.php on line 75
[03-Feb-2024 14:49:20 UTC] PHP Fatal error:  Allowed memory size of 536870912 bytes exhausted (tried to allocate 20480 bytes) in /home/v4masters/public_html/admin/app/Http/Controllers/API/MyCartController.php on line 75
[05-Feb-2024 15:20:06 UTC] PHP Fatal error:  Cannot use Illuminate\Support\Facades\DB as DB because the name is already in use in /home/v4masters/public_html/admin/app/Http/Controllers/API/OrderController.php on line 21
[13-Feb-2024 17:14:13 UTC] PHP Fatal error:  Cannot declare class App\Http\Controllers\PaytmController, because the name is already in use in /home/v4masters/public_html/admin_test/app/Http/Controllers/Home/PaytmController.php on line 9
[13-Feb-2024 17:15:34 UTC] PHP Fatal error:  Cannot declare class App\Http\Controllers\MyPaytmController, because the name is already in use in /home/v4masters/public_html/admin_test/app/Http/Controllers/Home/MyPaytmController.php on line 9
[13-Feb-2024 17:19:59 UTC] PHP Fatal error:  Namespace declaration statement has to be the very first statement or after any declare call in the script in /home/v4masters/public_html/admin_test/app/Models/Paytm.php on line 4
[13-Feb-2024 17:21:27 UTC] PHP Fatal error:  Namespace declaration statement has to be the very first statement or after any declare call in the script in /home/v4masters/public_html/admin_test/app/Models/Paytm.php on line 4
[13-Feb-2024 17:49:18 UTC] PHP Fatal error:  Cannot use PaytmWallet as PaytmWallet because the name is already in use in /home/v4masters/public_html/admin_test/app/Http/Controllers/Home/MyPaytmController.php on line 15
[13-Feb-2024 18:51:46 UTC] PHP Fatal error:  Cannot redeclare App\Http\Controllers\Home\MyPaytmController::paymentCallback() in /home/v4masters/public_html/admin_test/app/Http/Controllers/Home/MyPaytmController.php on line 118
[13-Feb-2024 18:54:47 UTC] PHP Fatal error:  Cannot declare class App\Http\Controllers\MyPaytmController, because the name is already in use in /home/v4masters/public_html/admin_test/app/Http/Controllers/Home/MyPaytmController.php on line 11
[14-Feb-2024 11:18:18 UTC] PHP Fatal error:  Cannot declare class App\Http\Controllers\PaytmController, because the name is already in use in /home/v4masters/public_html/admin_test/app/Http/Controllers/API/PaytmController.php on line 15
[14-Feb-2024 11:18:30 UTC] PHP Fatal error:  Cannot declare class App\Http\Controllers\PaytmController, because the name is already in use in /home/v4masters/public_html/admin_test/app/Http/Controllers/API/PaytmController.php on line 15
[14-Feb-2024 11:41:35 UTC] PHP Fatal error:  Cannot declare class App\Http\Controllers\PaytmController, because the name is already in use in /home/v4masters/public_html/admin_test/app/Http/Controllers/API/PaytmController.php on line 15
[14-Feb-2024 12:02:15 UTC] PHP Fatal error:  Namespace declaration statement has to be the very first statement or after any declare call in the script in /home/v4masters/public_html/admin_test/app/Models/API/Paytm.php on line 4
[14-Feb-2024 12:02:45 UTC] PHP Fatal error:  Namespace declaration statement has to be the very first statement or after any declare call in the script in /home/v4masters/public_html/admin_test/app/Models/API/Paytm.php on line 4
[14-Feb-2024 12:03:40 UTC] PHP Fatal error:  Namespace declaration statement has to be the very first statement or after any declare call in the script in /home/v4masters/public_html/admin_test/app/Models/API/Paytm.php on line 4
[14-Feb-2024 12:04:06 UTC] PHP Fatal error:  Namespace declaration statement has to be the very first statement or after any declare call in the script in /home/v4masters/public_html/admin_test/app/Models/Paytm.php on line 4
[14-Feb-2024 13:48:59 UTC] PHP Fatal error:  Cannot use Illuminate\Http\JsonResponse as JsonResponse because the name is already in use in /home/v4masters/public_html/admin_test/app/Http/Controllers/PaytmController.php on line 16
[14-Feb-2024 22:03:58 UTC] PHP Fatal error:  Composer detected issues in your platform: Your Composer dependencies require a PHP version ">= 8.1.0". You are running 7.4.33. in /home/crt3y6fprbwi/public_html/admin/vendor/composer/platform_check.php on line 24
[16-Feb-2024 16:04:21 UTC] PHP Fatal error:  Cannot declare class App\Http\Controllers\API\OrderController, because the name is already in use in /home/crt3y6fprbwi/public_html/admin/app/Http/Controllers/Home/OrderController.php on line 0
[16-Feb-2024 16:04:23 UTC] PHP Fatal error:  Cannot declare class App\Http\Controllers\API\OrderController, because the name is already in use in /home/crt3y6fprbwi/public_html/admin/app/Http/Controllers/Home/OrderController.php on line 0
[16-Feb-2024 16:11:29 UTC] PHP Fatal error:  Cannot declare class App\Http\Controllers\API\OrderController, because the name is already in use in /home/crt3y6fprbwi/public_html/admin/app/Http/Controllers/Home/OrderController.php on line 0
[16-Feb-2024 16:12:34 UTC] PHP Fatal error:  Cannot declare class App\Http\Controllers\API\OrderController, because the name is already in use in /home/crt3y6fprbwi/public_html/admin/app/Http/Controllers/Home/OrderController.php on line 15
[16-Feb-2024 16:12:43 UTC] PHP Fatal error:  Cannot declare class App\Http\Controllers\API\OrderController, because the name is already in use in /home/crt3y6fprbwi/public_html/admin/app/Http/Controllers/Home/OrderController.php on line 0
[16-Feb-2024 16:43:48 UTC] PHP Fatal error:  Namespace declaration statement has to be the very first statement or after any declare call in the script in /home/crt3y6fprbwi/public_html/admin/app/Models/Paytm.php on line 4
[16-Feb-2024 16:44:36 UTC] PHP Fatal error:  Namespace declaration statement has to be the very first statement or after any declare call in the script in /home/crt3y6fprbwi/public_html/admin/app/Models/Paytm.php on line 4
[16-Feb-2024 16:45:51 UTC] PHP Fatal error:  Namespace declaration statement has to be the very first statement or after any declare call in the script in /home/crt3y6fprbwi/public_html/admin/app/Models/Paytm.php on line 4
[06-Apr-2024 05:18:55 UTC] PHP Warning:  include(/home/crt3y6fprbwi/public_html/admin/vendor/composer/../../app/Http/Kernel.php): Failed to open stream: No such file or directory in /home/crt3y6fprbwi/public_html/admin/vendor/composer/ClassLoader.php on line 576
[06-Apr-2024 05:18:55 UTC] PHP Warning:  include(): Failed opening '/home/crt3y6fprbwi/public_html/admin/vendor/composer/../../app/Http/Kernel.php' for inclusion (include_path='.:/opt/alt/php81/usr/share/pear:/opt/alt/php81/usr/share/php:/usr/share/pear:/usr/share/php') in /home/crt3y6fprbwi/public_html/admin/vendor/composer/ClassLoader.php on line 576
[06-Apr-2024 05:18:55 UTC] PHP Fatal error:  Uncaught ReflectionException: Class "App\Http\Kernel" does not exist in /home/crt3y6fprbwi/public_html/admin/vendor/laravel/framework/src/Illuminate/Container/Container.php:912
Stack trace:
#0 /home/crt3y6fprbwi/public_html/admin/vendor/laravel/framework/src/Illuminate/Container/Container.php(912): ReflectionClass->__construct()
#1 /home/crt3y6fprbwi/public_html/admin/vendor/laravel/framework/src/Illuminate/Container/Container.php(795): Illuminate\Container\Container->build()
#2 /home/crt3y6fprbwi/public_html/admin/vendor/laravel/framework/src/Illuminate/Foundation/Application.php(957): Illuminate\Container\Container->resolve()
#3 /home/crt3y6fprbwi/public_html/admin/vendor/laravel/framework/src/Illuminate/Container/Container.php(297): Illuminate\Foundation\Application->resolve()
#4 /home/crt3y6fprbwi/public_html/admin/vendor/laravel/framework/src/Illuminate/Container/Container.php(908): Illuminate\Container\Container->Illuminate\Container\{closure}()
#5 /home/crt3y6fprbwi/public_html/admin/vendor/laravel/framework/src/Illuminate/Container/Container.php(795): Illuminate\Container\Container->build()
#6 /home/crt3y6fprbwi/public_html/admin/vendor/laravel/framework/src/Illuminate/Foundation/Application.php(957): Illuminate\Container\Container->resolve()
#7 /home/crt3y6fprbwi/public_html/admin/vendor/laravel/framework/src/Illuminate/Container/Container.php(731): Illuminate\Foundation\Application->resolve()
#8 /home/crt3y6fprbwi/public_html/admin/vendor/laravel/framework/src/Illuminate/Foundation/Application.php(942): Illuminate\Container\Container->make()
#9 /home/crt3y6fprbwi/public_html/admin/public/index.php(49): Illuminate\Foundation\Application->make()
#10 {main}

Next Illuminate\Contracts\Container\BindingResolutionException: Target class [App\Http\Kernel] does not exist. in /home/crt3y6fprbwi/public_html/admin/vendor/laravel/framework/src/Illuminate/Container/Container.php:914
Stack trace:
#0 /home/crt3y6fprbwi/public_html/admin/vendor/laravel/framework/src/Illuminate/Container/Container.php(795): Illuminate\Container\Container->build()
#1 /home/crt3y6fprbwi/public_html/admin/vendor/laravel/framework/src/Illuminate/Foundation/Application.php(957): Illuminate\Container\Container->resolve()
#2 /home/crt3y6fprbwi/public_html/admin/vendor/laravel/framework/src/Illuminate/Container/Container.php(297): Illuminate\Foundation\Application->resolve()
#3 /home/crt3y6fprbwi/public_html/admin/vendor/laravel/framework/src/Illuminate/Container/Container.php(908): Illuminate\Container\Container->Illuminate\Container\{closure}()
#4 /home/crt3y6fprbwi/public_html/admin/vendor/laravel/framework/src/Illuminate/Container/Container.php(795): Illuminate\Container\Container->build()
#5 /home/crt3y6fprbwi/public_html/admin/vendor/laravel/framework/src/Illuminate/Foundation/Application.php(957): Illuminate\Container\Container->resolve()
#6 /home/crt3y6fprbwi/public_html/admin/vendor/laravel/framework/src/Illuminate/Container/Container.php(731): Illuminate\Foundation\Application->resolve()
#7 /home/crt3y6fprbwi/public_html/admin/vendor/laravel/framework/src/Illuminate/Foundation/Application.php(942): Illuminate\Container\Container->make()
#8 /home/crt3y6fprbwi/public_html/admin/public/index.php(49): Illuminate\Foundation\Application->make()
#9 {main}
  thrown in /home/crt3y6fprbwi/public_html/admin/vendor/laravel/framework/src/Illuminate/Container/Container.php on line 914
[06-Apr-2024 05:18:55 UTC] PHP Warning:  include(/home/crt3y6fprbwi/public_html/admin/vendor/composer/../../app/Http/Kernel.php): Failed to open stream: No such file or directory in /home/crt3y6fprbwi/public_html/admin/vendor/composer/ClassLoader.php on line 576
[06-Apr-2024 05:18:55 UTC] PHP Warning:  include(): Failed opening '/home/crt3y6fprbwi/public_html/admin/vendor/composer/../../app/Http/Kernel.php' for inclusion (include_path='.:/opt/alt/php81/usr/share/pear:/opt/alt/php81/usr/share/php:/usr/share/pear:/usr/share/php') in /home/crt3y6fprbwi/public_html/admin/vendor/composer/ClassLoader.php on line 576
[06-Apr-2024 05:18:55 UTC] PHP Fatal error:  Uncaught ReflectionException: Class "App\Http\Kernel" does not exist in /home/crt3y6fprbwi/public_html/admin/vendor/laravel/framework/src/Illuminate/Container/Container.php:912
Stack trace:
#0 /home/crt3y6fprbwi/public_html/admin/vendor/laravel/framework/src/Illuminate/Container/Container.php(912): ReflectionClass->__construct()
#1 /home/crt3y6fprbwi/public_html/admin/vendor/laravel/framework/src/Illuminate/Container/Container.php(795): Illuminate\Container\Container->build()
#2 /home/crt3y6fprbwi/public_html/admin/vendor/laravel/framework/src/Illuminate/Foundation/Application.php(957): Illuminate\Container\Container->resolve()
#3 /home/crt3y6fprbwi/public_html/admin/vendor/laravel/framework/src/Illuminate/Container/Container.php(297): Illuminate\Foundation\Application->resolve()
#4 /home/crt3y6fprbwi/public_html/admin/vendor/laravel/framework/src/Illuminate/Container/Container.php(908): Illuminate\Container\Container->Illuminate\Container\{closure}()
#5 /home/crt3y6fprbwi/public_html/admin/vendor/laravel/framework/src/Illuminate/Container/Container.php(795): Illuminate\Container\Container->build()
#6 /home/crt3y6fprbwi/public_html/admin/vendor/laravel/framework/src/Illuminate/Foundation/Application.php(957): Illuminate\Container\Container->resolve()
#7 /home/crt3y6fprbwi/public_html/admin/vendor/laravel/framework/src/Illuminate/Container/Container.php(731): Illuminate\Foundation\Application->resolve()
#8 /home/crt3y6fprbwi/public_html/admin/vendor/laravel/framework/src/Illuminate/Foundation/Application.php(942): Illuminate\Container\Container->make()
#9 /home/crt3y6fprbwi/public_html/admin/public/index.php(49): Illuminate\Foundation\Application->make()
#10 {main}

Next Illuminate\Contracts\Container\BindingResolutionException: Target class [App\Http\Kernel] does not exist. in /home/crt3y6fprbwi/public_html/admin/vendor/laravel/framework/src/Illuminate/Container/Container.php:914
Stack trace:
#0 /home/crt3y6fprbwi/public_html/admin/vendor/laravel/framework/src/Illuminate/Container/Container.php(795): Illuminate\Container\Container->build()
#1 /home/crt3y6fprbwi/public_html/admin/vendor/laravel/framework/src/Illuminate/Foundation/Application.php(957): Illuminate\Container\Container->resolve()
#2 /home/crt3y6fprbwi/public_html/admin/vendor/laravel/framework/src/Illuminate/Container/Container.php(297): Illuminate\Foundation\Application->resolve()
#3 /home/crt3y6fprbwi/public_html/admin/vendor/laravel/framework/src/Illuminate/Container/Container.php(908): Illuminate\Container\Container->Illuminate\Container\{closure}()
#4 /home/crt3y6fprbwi/public_html/admin/vendor/laravel/framework/src/Illuminate/Container/Container.php(795): Illuminate\Container\Container->build()
#5 /home/crt3y6fprbwi/public_html/admin/vendor/laravel/framework/src/Illuminate/Foundation/Application.php(957): Illuminate\Container\Container->resolve()
#6 /home/crt3y6fprbwi/public_html/admin/vendor/laravel/framework/src/Illuminate/Container/Container.php(731): Illuminate\Foundation\Application->resolve()
#7 /home/crt3y6fprbwi/public_html/admin/vendor/laravel/framework/src/Illuminate/Foundation/Application.php(942): Illuminate\Container\Container->make()
#8 /home/crt3y6fprbwi/public_html/admin/public/index.php(49): Illuminate\Foundation\Application->make()
#9 {main}
  thrown in /home/crt3y6fprbwi/public_html/admin/vendor/laravel/framework/src/Illuminate/Container/Container.php on line 914
[06-Apr-2024 05:18:55 UTC] PHP Warning:  include(/home/crt3y6fprbwi/public_html/admin/vendor/composer/../../app/Http/Kernel.php): Failed to open stream: No such file or directory in /home/crt3y6fprbwi/public_html/admin/vendor/composer/ClassLoader.php on line 576
[06-Apr-2024 05:18:55 UTC] PHP Warning:  include(): Failed opening '/home/crt3y6fprbwi/public_html/admin/vendor/composer/../../app/Http/Kernel.php' for inclusion (include_path='.:/opt/alt/php81/usr/share/pear:/opt/alt/php81/usr/share/php:/usr/share/pear:/usr/share/php') in /home/crt3y6fprbwi/public_html/admin/vendor/composer/ClassLoader.php on line 576
[06-Apr-2024 05:18:55 UTC] PHP Fatal error:  Uncaught ReflectionException: Class "App\Http\Kernel" does not exist in /home/crt3y6fprbwi/public_html/admin/vendor/laravel/framework/src/Illuminate/Container/Container.php:912
Stack trace:
#0 /home/crt3y6fprbwi/public_html/admin/vendor/laravel/framework/src/Illuminate/Container/Container.php(912): ReflectionClass->__construct()
#1 /home/crt3y6fprbwi/public_html/admin/vendor/laravel/framework/src/Illuminate/Container/Container.php(795): Illuminate\Container\Container->build()
#2 /home/crt3y6fprbwi/public_html/admin/vendor/laravel/framework/src/Illuminate/Foundation/Application.php(957): Illuminate\Container\Container->resolve()
#3 /home/crt3y6fprbwi/public_html/admin/vendor/laravel/framework/src/Illuminate/Container/Container.php(297): Illuminate\Foundation\Application->resolve()
#4 /home/crt3y6fprbwi/public_html/admin/vendor/laravel/framework/src/Illuminate/Container/Container.php(908): Illuminate\Container\Container->Illuminate\Container\{closure}()
#5 /home/crt3y6fprbwi/public_html/admin/vendor/laravel/framework/src/Illuminate/Container/Container.php(795): Illuminate\Container\Container->build()
#6 /home/crt3y6fprbwi/public_html/admin/vendor/laravel/framework/src/Illuminate/Foundation/Application.php(957): Illuminate\Container\Container->resolve()
#7 /home/crt3y6fprbwi/public_html/admin/vendor/laravel/framework/src/Illuminate/Container/Container.php(731): Illuminate\Foundation\Application->resolve()
#8 /home/crt3y6fprbwi/public_html/admin/vendor/laravel/framework/src/Illuminate/Foundation/Application.php(942): Illuminate\Container\Container->make()
#9 /home/crt3y6fprbwi/public_html/admin/public/index.php(49): Illuminate\Foundation\Application->make()
#10 {main}

Next Illuminate\Contracts\Container\BindingResolutionException: Target class [App\Http\Kernel] does not exist. in /home/crt3y6fprbwi/public_html/admin/vendor/laravel/framework/src/Illuminate/Container/Container.php:914
Stack trace:
#0 /home/crt3y6fprbwi/public_html/admin/vendor/laravel/framework/src/Illuminate/Container/Container.php(795): Illuminate\Container\Container->build()
#1 /home/crt3y6fprbwi/public_html/admin/vendor/laravel/framework/src/Illuminate/Foundation/Application.php(957): Illuminate\Container\Container->resolve()
#2 /home/crt3y6fprbwi/public_html/admin/vendor/laravel/framework/src/Illuminate/Container/Container.php(297): Illuminate\Foundation\Application->resolve()
#3 /home/crt3y6fprbwi/public_html/admin/vendor/laravel/framework/src/Illuminate/Container/Container.php(908): Illuminate\Container\Container->Illuminate\Container\{closure}()
#4 /home/crt3y6fprbwi/public_html/admin/vendor/laravel/framework/src/Illuminate/Container/Container.php(795): Illuminate\Container\Container->build()
#5 /home/crt3y6fprbwi/public_html/admin/vendor/laravel/framework/src/Illuminate/Foundation/Application.php(957): Illuminate\Container\Container->resolve()
#6 /home/crt3y6fprbwi/public_html/admin/vendor/laravel/framework/src/Illuminate/Container/Container.php(731): Illuminate\Foundation\Application->resolve()
#7 /home/crt3y6fprbwi/public_html/admin/vendor/laravel/framework/src/Illuminate/Foundation/Application.php(942): Illuminate\Container\Container->make()
#8 /home/crt3y6fprbwi/public_html/admin/public/index.php(49): Illuminate\Foundation\Application->make()
#9 {main}
  thrown in /home/crt3y6fprbwi/public_html/admin/vendor/laravel/framework/src/Illuminate/Container/Container.php on line 914
[06-Apr-2024 05:18:55 UTC] PHP Warning:  include(/home/crt3y6fprbwi/public_html/admin/vendor/composer/../../app/Http/Kernel.php): Failed to open stream: No such file or directory in /home/crt3y6fprbwi/public_html/admin/vendor/composer/ClassLoader.php on line 576
[06-Apr-2024 05:18:55 UTC] PHP Warning:  include(): Failed opening '/home/crt3y6fprbwi/public_html/admin/vendor/composer/../../app/Http/Kernel.php' for inclusion (include_path='.:/opt/alt/php81/usr/share/pear:/opt/alt/php81/usr/share/php:/usr/share/pear:/usr/share/php') in /home/crt3y6fprbwi/public_html/admin/vendor/composer/ClassLoader.php on line 576
[06-Apr-2024 05:18:55 UTC] PHP Fatal error:  Uncaught ReflectionException: Class "App\Http\Kernel" does not exist in /home/crt3y6fprbwi/public_html/admin/vendor/laravel/framework/src/Illuminate/Container/Container.php:912
Stack trace:
#0 /home/crt3y6fprbwi/public_html/admin/vendor/laravel/framework/src/Illuminate/Container/Container.php(912): ReflectionClass->__construct()
#1 /home/crt3y6fprbwi/public_html/admin/vendor/laravel/framework/src/Illuminate/Container/Container.php(795): Illuminate\Container\Container->build()
#2 /home/crt3y6fprbwi/public_html/admin/vendor/laravel/framework/src/Illuminate/Foundation/Application.php(957): Illuminate\Container\Container->resolve()
#3 /home/crt3y6fprbwi/public_html/admin/vendor/laravel/framework/src/Illuminate/Container/Container.php(297): Illuminate\Foundation\Application->resolve()
#4 /home/crt3y6fprbwi/public_html/admin/vendor/laravel/framework/src/Illuminate/Container/Container.php(908): Illuminate\Container\Container->Illuminate\Container\{closure}()
#5 /home/crt3y6fprbwi/public_html/admin/vendor/laravel/framework/src/Illuminate/Container/Container.php(795): Illuminate\Container\Container->build()
#6 /home/crt3y6fprbwi/public_html/admin/vendor/laravel/framework/src/Illuminate/Foundation/Application.php(957): Illuminate\Container\Container->resolve()
#7 /home/crt3y6fprbwi/public_html/admin/vendor/laravel/framework/src/Illuminate/Container/Container.php(731): Illuminate\Foundation\Application->resolve()
#8 /home/crt3y6fprbwi/public_html/admin/vendor/laravel/framework/src/Illuminate/Foundation/Application.php(942): Illuminate\Container\Container->make()
#9 /home/crt3y6fprbwi/public_html/admin/public/index.php(49): Illuminate\Foundation\Application->make()
#10 {main}

Next Illuminate\Contracts\Container\BindingResolutionException: Target class [App\Http\Kernel] does not exist. in /home/crt3y6fprbwi/public_html/admin/vendor/laravel/framework/src/Illuminate/Container/Container.php:914
Stack trace:
#0 /home/crt3y6fprbwi/public_html/admin/vendor/laravel/framework/src/Illuminate/Container/Container.php(795): Illuminate\Container\Container->build()
#1 /home/crt3y6fprbwi/public_html/admin/vendor/laravel/framework/src/Illuminate/Foundation/Application.php(957): Illuminate\Container\Container->resolve()
#2 /home/crt3y6fprbwi/public_html/admin/vendor/laravel/framework/src/Illuminate/Container/Container.php(297): Illuminate\Foundation\Application->resolve()
#3 /home/crt3y6fprbwi/public_html/admin/vendor/laravel/framework/src/Illuminate/Container/Container.php(908): Illuminate\Container\Container->Illuminate\Container\{closure}()
#4 /home/crt3y6fprbwi/public_html/admin/vendor/laravel/framework/src/Illuminate/Container/Container.php(795): Illuminate\Container\Container->build()
#5 /home/crt3y6fprbwi/public_html/admin/vendor/laravel/framework/src/Illuminate/Foundation/Application.php(957): Illuminate\Container\Container->resolve()
#6 /home/crt3y6fprbwi/public_html/admin/vendor/laravel/framework/src/Illuminate/Container/Container.php(731): Illuminate\Foundation\Application->resolve()
#7 /home/crt3y6fprbwi/public_html/admin/vendor/laravel/framework/src/Illuminate/Foundation/Application.php(942): Illuminate\Container\Container->make()
#8 /home/crt3y6fprbwi/public_html/admin/public/index.php(49): Illuminate\Foundation\Application->make()
#9 {main}
  thrown in /home/crt3y6fprbwi/public_html/admin/vendor/laravel/framework/src/Illuminate/Container/Container.php on line 914
[06-Apr-2024 05:18:59 UTC] PHP Warning:  include(/home/crt3y6fprbwi/public_html/admin/vendor/composer/../../app/Http/Kernel.php): Failed to open stream: No such file or directory in /home/crt3y6fprbwi/public_html/admin/vendor/composer/ClassLoader.php on line 576
[06-Apr-2024 05:18:59 UTC] PHP Warning:  include(): Failed opening '/home/crt3y6fprbwi/public_html/admin/vendor/composer/../../app/Http/Kernel.php' for inclusion (include_path='.:/opt/alt/php81/usr/share/pear:/opt/alt/php81/usr/share/php:/usr/share/pear:/usr/share/php') in /home/crt3y6fprbwi/public_html/admin/vendor/composer/ClassLoader.php on line 576
[06-Apr-2024 05:18:59 UTC] PHP Fatal error:  Uncaught ReflectionException: Class "App\Http\Kernel" does not exist in /home/crt3y6fprbwi/public_html/admin/vendor/laravel/framework/src/Illuminate/Container/Container.php:912
Stack trace:
#0 /home/crt3y6fprbwi/public_html/admin/vendor/laravel/framework/src/Illuminate/Container/Container.php(912): ReflectionClass->__construct()
#1 /home/crt3y6fprbwi/public_html/admin/vendor/laravel/framework/src/Illuminate/Container/Container.php(795): Illuminate\Container\Container->build()
#2 /home/crt3y6fprbwi/public_html/admin/vendor/laravel/framework/src/Illuminate/Foundation/Application.php(957): Illuminate\Container\Container->resolve()
#3 /home/crt3y6fprbwi/public_html/admin/vendor/laravel/framework/src/Illuminate/Container/Container.php(297): Illuminate\Foundation\Application->resolve()
#4 /home/crt3y6fprbwi/public_html/admin/vendor/laravel/framework/src/Illuminate/Container/Container.php(908): Illuminate\Container\Container->Illuminate\Container\{closure}()
#5 /home/crt3y6fprbwi/public_html/admin/vendor/laravel/framework/src/Illuminate/Container/Container.php(795): Illuminate\Container\Container->build()
#6 /home/crt3y6fprbwi/public_html/admin/vendor/laravel/framework/src/Illuminate/Foundation/Application.php(957): Illuminate\Container\Container->resolve()
#7 /home/crt3y6fprbwi/public_html/admin/vendor/laravel/framework/src/Illuminate/Container/Container.php(731): Illuminate\Foundation\Application->resolve()
#8 /home/crt3y6fprbwi/public_html/admin/vendor/laravel/framework/src/Illuminate/Foundation/Application.php(942): Illuminate\Container\Container->make()
#9 /home/crt3y6fprbwi/public_html/admin/public/index.php(49): Illuminate\Foundation\Application->make()
#10 {main}

Next Illuminate\Contracts\Container\BindingResolutionException: Target class [App\Http\Kernel] does not exist. in /home/crt3y6fprbwi/public_html/admin/vendor/laravel/framework/src/Illuminate/Container/Container.php:914
Stack trace:
#0 /home/crt3y6fprbwi/public_html/admin/vendor/laravel/framework/src/Illuminate/Container/Container.php(795): Illuminate\Container\Container->build()
#1 /home/crt3y6fprbwi/public_html/admin/vendor/laravel/framework/src/Illuminate/Foundation/Application.php(957): Illuminate\Container\Container->resolve()
#2 /home/crt3y6fprbwi/public_html/admin/vendor/laravel/framework/src/Illuminate/Container/Container.php(297): Illuminate\Foundation\Application->resolve()
#3 /home/crt3y6fprbwi/public_html/admin/vendor/laravel/framework/src/Illuminate/Container/Container.php(908): Illuminate\Container\Container->Illuminate\Container\{closure}()
#4 /home/crt3y6fprbwi/public_html/admin/vendor/laravel/framework/src/Illuminate/Container/Container.php(795): Illuminate\Container\Container->build()
#5 /home/crt3y6fprbwi/public_html/admin/vendor/laravel/framework/src/Illuminate/Foundation/Application.php(957): Illuminate\Container\Container->resolve()
#6 /home/crt3y6fprbwi/public_html/admin/vendor/laravel/framework/src/Illuminate/Container/Container.php(731): Illuminate\Foundation\Application->resolve()
#7 /home/crt3y6fprbwi/public_html/admin/vendor/laravel/framework/src/Illuminate/Foundation/Application.php(942): Illuminate\Container\Container->make()
#8 /home/crt3y6fprbwi/public_html/admin/public/index.php(49): Illuminate\Foundation\Application->make()
#9 {main}
  thrown in /home/crt3y6fprbwi/public_html/admin/vendor/laravel/framework/src/Illuminate/Container/Container.php on line 914
[06-Apr-2024 05:19:01 UTC] PHP Warning:  include(/home/crt3y6fprbwi/public_html/admin/vendor/composer/../../app/Http/Kernel.php): Failed to open stream: No such file or directory in /home/crt3y6fprbwi/public_html/admin/vendor/composer/ClassLoader.php on line 576
[06-Apr-2024 05:19:01 UTC] PHP Warning:  include(): Failed opening '/home/crt3y6fprbwi/public_html/admin/vendor/composer/../../app/Http/Kernel.php' for inclusion (include_path='.:/opt/alt/php81/usr/share/pear:/opt/alt/php81/usr/share/php:/usr/share/pear:/usr/share/php') in /home/crt3y6fprbwi/public_html/admin/vendor/composer/ClassLoader.php on line 576
[06-Apr-2024 05:19:01 UTC] PHP Fatal error:  Uncaught ReflectionException: Class "App\Http\Kernel" does not exist in /home/crt3y6fprbwi/public_html/admin/vendor/laravel/framework/src/Illuminate/Container/Container.php:912
Stack trace:
#0 /home/crt3y6fprbwi/public_html/admin/vendor/laravel/framework/src/Illuminate/Container/Container.php(912): ReflectionClass->__construct()
#1 /home/crt3y6fprbwi/public_html/admin/vendor/laravel/framework/src/Illuminate/Container/Container.php(795): Illuminate\Container\Container->build()
#2 /home/crt3y6fprbwi/public_html/admin/vendor/laravel/framework/src/Illuminate/Foundation/Application.php(957): Illuminate\Container\Container->resolve()
#3 /home/crt3y6fprbwi/public_html/admin/vendor/laravel/framework/src/Illuminate/Container/Container.php(297): Illuminate\Foundation\Application->resolve()
#4 /home/crt3y6fprbwi/public_html/admin/vendor/laravel/framework/src/Illuminate/Container/Container.php(908): Illuminate\Container\Container->Illuminate\Container\{closure}()
#5 /home/crt3y6fprbwi/public_html/admin/vendor/laravel/framework/src/Illuminate/Container/Container.php(795): Illuminate\Container\Container->build()
#6 /home/crt3y6fprbwi/public_html/admin/vendor/laravel/framework/src/Illuminate/Foundation/Application.php(957): Illuminate\Container\Container->resolve()
#7 /home/crt3y6fprbwi/public_html/admin/vendor/laravel/framework/src/Illuminate/Container/Container.php(731): Illuminate\Foundation\Application->resolve()
#8 /home/crt3y6fprbwi/public_html/admin/vendor/laravel/framework/src/Illuminate/Foundation/Application.php(942): Illuminate\Container\Container->make()
#9 /home/crt3y6fprbwi/public_html/admin/public/index.php(49): Illuminate\Foundation\Application->make()
#10 {main}

Next Illuminate\Contracts\Container\BindingResolutionException: Target class [App\Http\Kernel] does not exist. in /home/crt3y6fprbwi/public_html/admin/vendor/laravel/framework/src/Illuminate/Container/Container.php:914
Stack trace:
#0 /home/crt3y6fprbwi/public_html/admin/vendor/laravel/framework/src/Illuminate/Container/Container.php(795): Illuminate\Container\Container->build()
#1 /home/crt3y6fprbwi/public_html/admin/vendor/laravel/framework/src/Illuminate/Foundation/Application.php(957): Illuminate\Container\Container->resolve()
#2 /home/crt3y6fprbwi/public_html/admin/vendor/laravel/framework/src/Illuminate/Container/Container.php(297): Illuminate\Foundation\Application->resolve()
#3 /home/crt3y6fprbwi/public_html/admin/vendor/laravel/framework/src/Illuminate/Container/Container.php(908): Illuminate\Container\Container->Illuminate\Container\{closure}()
#4 /home/crt3y6fprbwi/public_html/admin/vendor/laravel/framework/src/Illuminate/Container/Container.php(795): Illuminate\Container\Container->build()
#5 /home/crt3y6fprbwi/public_html/admin/vendor/laravel/framework/src/Illuminate/Foundation/Application.php(957): Illuminate\Container\Container->resolve()
#6 /home/crt3y6fprbwi/public_html/admin/vendor/laravel/framework/src/Illuminate/Container/Container.php(731): Illuminate\Foundation\Application->resolve()
#7 /home/crt3y6fprbwi/public_html/admin/vendor/laravel/framework/src/Illuminate/Foundation/Application.php(942): Illuminate\Container\Container->make()
#8 /home/crt3y6fprbwi/public_html/admin/public/index.php(49): Illuminate\Foundation\Application->make()
#9 {main}
  thrown in /home/crt3y6fprbwi/public_html/admin/vendor/laravel/framework/src/Illuminate/Container/Container.php on line 914
[06-Apr-2024 05:19:06 UTC] PHP Warning:  include(/home/crt3y6fprbwi/public_html/admin/vendor/composer/../../app/Http/Kernel.php): Failed to open stream: No such file or directory in /home/crt3y6fprbwi/public_html/admin/vendor/composer/ClassLoader.php on line 576
[06-Apr-2024 05:19:06 UTC] PHP Warning:  include(): Failed opening '/home/crt3y6fprbwi/public_html/admin/vendor/composer/../../app/Http/Kernel.php' for inclusion (include_path='.:/opt/alt/php81/usr/share/pear:/opt/alt/php81/usr/share/php:/usr/share/pear:/usr/share/php') in /home/crt3y6fprbwi/public_html/admin/vendor/composer/ClassLoader.php on line 576
[06-Apr-2024 05:19:06 UTC] PHP Fatal error:  Uncaught ReflectionException: Class "App\Http\Kernel" does not exist in /home/crt3y6fprbwi/public_html/admin/vendor/laravel/framework/src/Illuminate/Container/Container.php:912
Stack trace:
#0 /home/crt3y6fprbwi/public_html/admin/vendor/laravel/framework/src/Illuminate/Container/Container.php(912): ReflectionClass->__construct()
#1 /home/crt3y6fprbwi/public_html/admin/vendor/laravel/framework/src/Illuminate/Container/Container.php(795): Illuminate\Container\Container->build()
#2 /home/crt3y6fprbwi/public_html/admin/vendor/laravel/framework/src/Illuminate/Foundation/Application.php(957): Illuminate\Container\Container->resolve()
#3 /home/crt3y6fprbwi/public_html/admin/vendor/laravel/framework/src/Illuminate/Container/Container.php(297): Illuminate\Foundation\Application->resolve()
#4 /home/crt3y6fprbwi/public_html/admin/vendor/laravel/framework/src/Illuminate/Container/Container.php(908): Illuminate\Container\Container->Illuminate\Container\{closure}()
#5 /home/crt3y6fprbwi/public_html/admin/vendor/laravel/framework/src/Illuminate/Container/Container.php(795): Illuminate\Container\Container->build()
#6 /home/crt3y6fprbwi/public_html/admin/vendor/laravel/framework/src/Illuminate/Foundation/Application.php(957): Illuminate\Container\Container->resolve()
#7 /home/crt3y6fprbwi/public_html/admin/vendor/laravel/framework/src/Illuminate/Container/Container.php(731): Illuminate\Foundation\Application->resolve()
#8 /home/crt3y6fprbwi/public_html/admin/vendor/laravel/framework/src/Illuminate/Foundation/Application.php(942): Illuminate\Container\Container->make()
#9 /home/crt3y6fprbwi/public_html/admin/public/index.php(49): Illuminate\Foundation\Application->make()
#10 {main}

Next Illuminate\Contracts\Container\BindingResolutionException: Target class [App\Http\Kernel] does not exist. in /home/crt3y6fprbwi/public_html/admin/vendor/laravel/framework/src/Illuminate/Container/Container.php:914
Stack trace:
#0 /home/crt3y6fprbwi/public_html/admin/vendor/laravel/framework/src/Illuminate/Container/Container.php(795): Illuminate\Container\Container->build()
#1 /home/crt3y6fprbwi/public_html/admin/vendor/laravel/framework/src/Illuminate/Foundation/Application.php(957): Illuminate\Container\Container->resolve()
#2 /home/crt3y6fprbwi/public_html/admin/vendor/laravel/framework/src/Illuminate/Container/Container.php(297): Illuminate\Foundation\Application->resolve()
#3 /home/crt3y6fprbwi/public_html/admin/vendor/laravel/framework/src/Illuminate/Container/Container.php(908): Illuminate\Container\Container->Illuminate\Container\{closure}()
#4 /home/crt3y6fprbwi/public_html/admin/vendor/laravel/framework/src/Illuminate/Container/Container.php(795): Illuminate\Container\Container->build()
#5 /home/crt3y6fprbwi/public_html/admin/vendor/laravel/framework/src/Illuminate/Foundation/Application.php(957): Illuminate\Container\Container->resolve()
#6 /home/crt3y6fprbwi/public_html/admin/vendor/laravel/framework/src/Illuminate/Container/Container.php(731): Illuminate\Foundation\Application->resolve()
#7 /home/crt3y6fprbwi/public_html/admin/vendor/laravel/framework/src/Illuminate/Foundation/Application.php(942): Illuminate\Container\Container->make()
#8 /home/crt3y6fprbwi/public_html/admin/public/index.php(49): Illuminate\Foundation\Application->make()
#9 {main}
  thrown in /home/crt3y6fprbwi/public_html/admin/vendor/laravel/framework/src/Illuminate/Container/Container.php on line 914
[06-Apr-2024 05:19:09 UTC] PHP Warning:  include(/home/crt3y6fprbwi/public_html/admin/vendor/composer/../../app/Http/Kernel.php): Failed to open stream: No such file or directory in /home/crt3y6fprbwi/public_html/admin/vendor/composer/ClassLoader.php on line 576
[06-Apr-2024 05:19:09 UTC] PHP Warning:  include(/home/crt3y6fprbwi/public_html/admin/vendor/composer/../../app/Http/Kernel.php): Failed to open stream: No such file or directory in /home/crt3y6fprbwi/public_html/admin/vendor/composer/ClassLoader.php on line 576
[06-Apr-2024 05:19:09 UTC] PHP Warning:  include(/home/crt3y6fprbwi/public_html/admin/vendor/composer/../../app/Http/Kernel.php): Failed to open stream: No such file or directory in /home/crt3y6fprbwi/public_html/admin/vendor/composer/ClassLoader.php on line 576
[06-Apr-2024 05:19:09 UTC] PHP Warning:  include(): Failed opening '/home/crt3y6fprbwi/public_html/admin/vendor/composer/../../app/Http/Kernel.php' for inclusion (include_path='.:/opt/alt/php81/usr/share/pear:/opt/alt/php81/usr/share/php:/usr/share/pear:/usr/share/php') in /home/crt3y6fprbwi/public_html/admin/vendor/composer/ClassLoader.php on line 576
[06-Apr-2024 05:19:09 UTC] PHP Warning:  include(): Failed opening '/home/crt3y6fprbwi/public_html/admin/vendor/composer/../../app/Http/Kernel.php' for inclusion (include_path='.:/opt/alt/php81/usr/share/pear:/opt/alt/php81/usr/share/php:/usr/share/pear:/usr/share/php') in /home/crt3y6fprbwi/public_html/admin/vendor/composer/ClassLoader.php on line 576
[06-Apr-2024 05:19:09 UTC] PHP Warning:  include(): Failed opening '/home/crt3y6fprbwi/public_html/admin/vendor/composer/../../app/Http/Kernel.php' for inclusion (include_path='.:/opt/alt/php81/usr/share/pear:/opt/alt/php81/usr/share/php:/usr/share/pear:/usr/share/php') in /home/crt3y6fprbwi/public_html/admin/vendor/composer/ClassLoader.php on line 576
[06-Apr-2024 05:19:09 UTC] PHP Fatal error:  Uncaught ReflectionException: Class "App\Http\Kernel" does not exist in /home/crt3y6fprbwi/public_html/admin/vendor/laravel/framework/src/Illuminate/Container/Container.php:912
Stack trace:
#0 /home/crt3y6fprbwi/public_html/admin/vendor/laravel/framework/src/Illuminate/Container/Container.php(912): ReflectionClass->__construct()
#1 /home/crt3y6fprbwi/public_html/admin/vendor/laravel/framework/src/Illuminate/Container/Container.php(795): Illuminate\Container\Container->build()
#2 /home/crt3y6fprbwi/public_html/admin/vendor/laravel/framework/src/Illuminate/Foundation/Application.php(957): Illuminate\Container\Container->resolve()
#3 /home/crt3y6fprbwi/public_html/admin/vendor/laravel/framework/src/Illuminate/Container/Container.php(297): Illuminate\Foundation\Application->resolve()
#4 /home/crt3y6fprbwi/public_html/admin/vendor/laravel/framework/src/Illuminate/Container/Container.php(908): Illuminate\Container\Container->Illuminate\Container\{closure}()
#5 /home/crt3y6fprbwi/public_html/admin/vendor/laravel/framework/src/Illuminate/Container/Container.php(795): Illuminate\Container\Container->build()
#6 /home/crt3y6fprbwi/public_html/admin/vendor/laravel/framework/src/Illuminate/Foundation/Application.php(957): Illuminate\Container\Container->resolve()
#7 /home/crt3y6fprbwi/public_html/admin/vendor/laravel/framework/src/Illuminate/Container/Container.php(731): Illuminate\Foundation\Application->resolve()
#8 /home/crt3y6fprbwi/public_html/admin/vendor/laravel/framework/src/Illuminate/Foundation/Application.php(942): Illuminate\Container\Container->make()
#9 /home/crt3y6fprbwi/public_html/admin/public/index.php(49): Illuminate\Foundation\Application->make()
#10 {main}

Next Illuminate\Contracts\Container\BindingResolutionException: Target class [App\Http\Kernel] does not exist. in /home/crt3y6fprbwi/public_html/admin/vendor/laravel/framework/src/Illuminate/Container/Container.php:914
Stack trace:
#0 /home/crt3y6fprbwi/public_html/admin/vendor/laravel/framework/src/Illuminate/Container/Container.php(795): Illuminate\Container\Container->build()
#1 /home/crt3y6fprbwi/public_html/admin/vendor/laravel/framework/src/Illuminate/Foundation/Application.php(957): Illuminate\Container\Container->resolve()
#2 /home/crt3y6fprbwi/public_html/admin/vendor/laravel/framework/src/Illuminate/Container/Container.php(297): Illuminate\Foundation\Application->resolve()
#3 /home/crt3y6fprbwi/public_html/admin/vendor/laravel/framework/src/Illuminate/Container/Container.php(908): Illuminate\Container\Container->Illuminate\Container\{closure}()
#4 /home/crt3y6fprbwi/public_html/admin/vendor/laravel/framework/src/Illuminate/Container/Container.php(795): Illuminate\Container\Container->build()
#5 /home/crt3y6fprbwi/public_html/admin/vendor/laravel/framework/src/Illuminate/Foundation/Application.php(957): Illuminate\Container\Container->resolve()
#6 /home/crt3y6fprbwi/public_html/admin/vendor/laravel/framework/src/Illuminate/Container/Container.php(731): Illuminate\Foundation\Application->resolve()
#7 /home/crt3y6fprbwi/public_html/admin/vendor/laravel/framework/src/Illuminate/Foundation/Application.php(942): Illuminate\Container\Container->make()
#8 /home/crt3y6fprbwi/public_html/admin/public/index.php(49): Illuminate\Foundation\Application->make()
#9 {main}
  thrown in /home/crt3y6fprbwi/public_html/admin/vendor/laravel/framework/src/Illuminate/Container/Container.php on line 914
[06-Apr-2024 05:19:09 UTC] PHP Fatal error:  Uncaught ReflectionException: Class "App\Http\Kernel" does not exist in /home/crt3y6fprbwi/public_html/admin/vendor/laravel/framework/src/Illuminate/Container/Container.php:912
Stack trace:
#0 /home/crt3y6fprbwi/public_html/admin/vendor/laravel/framework/src/Illuminate/Container/Container.php(912): ReflectionClass->__construct()
#1 /home/crt3y6fprbwi/public_html/admin/vendor/laravel/framework/src/Illuminate/Container/Container.php(795): Illuminate\Container\Container->build()
#2 /home/crt3y6fprbwi/public_html/admin/vendor/laravel/framework/src/Illuminate/Foundation/Application.php(957): Illuminate\Container\Container->resolve()
#3 /home/crt3y6fprbwi/public_html/admin/vendor/laravel/framework/src/Illuminate/Container/Container.php(297): Illuminate\Foundation\Application->resolve()
#4 /home/crt3y6fprbwi/public_html/admin/vendor/laravel/framework/src/Illuminate/Container/Container.php(908): Illuminate\Container\Container->Illuminate\Container\{closure}()
#5 /home/crt3y6fprbwi/public_html/admin/vendor/laravel/framework/src/Illuminate/Container/Container.php(795): Illuminate\Container\Container->build()
#6 /home/crt3y6fprbwi/public_html/admin/vendor/laravel/framework/src/Illuminate/Foundation/Application.php(957): Illuminate\Container\Container->resolve()
#7 /home/crt3y6fprbwi/public_html/admin/vendor/laravel/framework/src/Illuminate/Container/Container.php(731): Illuminate\Foundation\Application->resolve()
#8 /home/crt3y6fprbwi/public_html/admin/vendor/laravel/framework/src/Illuminate/Foundation/Application.php(942): Illuminate\Container\Container->make()
#9 /home/crt3y6fprbwi/public_html/admin/public/index.php(49): Illuminate\Foundation\Application->make()
#10 {main}

Next Illuminate\Contracts\Container\BindingResolutionException: Target class [App\Http\Kernel] does not exist. in /home/crt3y6fprbwi/public_html/admin/vendor/laravel/framework/src/Illuminate/Container/Container.php:914
Stack trace:
#0 /home/crt3y6fprbwi/public_html/admin/vendor/laravel/framework/src/Illuminate/Container/Container.php(795): Illuminate\Container\Container->build()
#1 /home/crt3y6fprbwi/public_html/admin/vendor/laravel/framework/src/Illuminate/Foundation/Application.php(957): Illuminate\Container\Container->resolve()
#2 /home/crt3y6fprbwi/public_html/admin/vendor/laravel/framework/src/Illuminate/Container/Container.php(297): Illuminate\Foundation\Application->resolve()
#3 /home/crt3y6fprbwi/public_html/admin/vendor/laravel/framework/src/Illuminate/Container/Container.php(908): Illuminate\Container\Container->Illuminate\Container\{closure}()
#4 /home/crt3y6fprbwi/public_html/admin/vendor/laravel/framework/src/Illuminate/Container/Container.php(795): Illuminate\Container\Container->build()
#5 /home/crt3y6fprbwi/public_html/admin/vendor/laravel/framework/src/Illuminate/Foundation/Application.php(957): Illuminate\Container\Container->resolve()
#6 /home/crt3y6fprbwi/public_html/admin/vendor/laravel/framework/src/Illuminate/Container/Container.php(731): Illuminate\Foundation\Application->resolve()
#7 /home/crt3y6fprbwi/public_html/admin/vendor/laravel/framework/src/Illuminate/Foundation/Application.php(942): Illuminate\Container\Container->make()
#8 /home/crt3y6fprbwi/public_html/admin/public/index.php(49): Illuminate\Foundation\Application->make()
#9 {main}
  thrown in /home/crt3y6fprbwi/public_html/admin/vendor/laravel/framework/src/Illuminate/Container/Container.php on line 914
[06-Apr-2024 05:19:09 UTC] PHP Fatal error:  Uncaught ReflectionException: Class "App\Http\Kernel" does not exist in /home/crt3y6fprbwi/public_html/admin/vendor/laravel/framework/src/Illuminate/Container/Container.php:912
Stack trace:
#0 /home/crt3y6fprbwi/public_html/admin/vendor/laravel/framework/src/Illuminate/Container/Container.php(912): ReflectionClass->__construct()
#1 /home/crt3y6fprbwi/public_html/admin/vendor/laravel/framework/src/Illuminate/Container/Container.php(795): Illuminate\Container\Container->build()
#2 /home/crt3y6fprbwi/public_html/admin/vendor/laravel/framework/src/Illuminate/Foundation/Application.php(957): Illuminate\Container\Container->resolve()
#3 /home/crt3y6fprbwi/public_html/admin/vendor/laravel/framework/src/Illuminate/Container/Container.php(297): Illuminate\Foundation\Application->resolve()
#4 /home/crt3y6fprbwi/public_html/admin/vendor/laravel/framework/src/Illuminate/Container/Container.php(908): Illuminate\Container\Container->Illuminate\Container\{closure}()
#5 /home/crt3y6fprbwi/public_html/admin/vendor/laravel/framework/src/Illuminate/Container/Container.php(795): Illuminate\Container\Container->build()
#6 /home/crt3y6fprbwi/public_html/admin/vendor/laravel/framework/src/Illuminate/Foundation/Application.php(957): Illuminate\Container\Container->resolve()
#7 /home/crt3y6fprbwi/public_html/admin/vendor/laravel/framework/src/Illuminate/Container/Container.php(731): Illuminate\Foundation\Application->resolve()
#8 /home/crt3y6fprbwi/public_html/admin/vendor/laravel/framework/src/Illuminate/Foundation/Application.php(942): Illuminate\Container\Container->make()
#9 /home/crt3y6fprbwi/public_html/admin/public/index.php(49): Illuminate\Foundation\Application->make()
#10 {main}

Next Illuminate\Contracts\Container\BindingResolutionException: Target class [App\Http\Kernel] does not exist. in /home/crt3y6fprbwi/public_html/admin/vendor/laravel/framework/src/Illuminate/Container/Container.php:914
Stack trace:
#0 /home/crt3y6fprbwi/public_html/admin/vendor/laravel/framework/src/Illuminate/Container/Container.php(795): Illuminate\Container\Container->build()
#1 /home/crt3y6fprbwi/public_html/admin/vendor/laravel/framework/src/Illuminate/Foundation/Application.php(957): Illuminate\Container\Container->resolve()
#2 /home/crt3y6fprbwi/public_html/admin/vendor/laravel/framework/src/Illuminate/Container/Container.php(297): Illuminate\Foundation\Application->resolve()
#3 /home/crt3y6fprbwi/public_html/admin/vendor/laravel/framework/src/Illuminate/Container/Container.php(908): Illuminate\Container\Container->Illuminate\Container\{closure}()
#4 /home/crt3y6fprbwi/public_html/admin/vendor/laravel/framework/src/Illuminate/Container/Container.php(795): Illuminate\Container\Container->build()
#5 /home/crt3y6fprbwi/public_html/admin/vendor/laravel/framework/src/Illuminate/Foundation/Application.php(957): Illuminate\Container\Container->resolve()
#6 /home/crt3y6fprbwi/public_html/admin/vendor/laravel/framework/src/Illuminate/Container/Container.php(731): Illuminate\Foundation\Application->resolve()
#7 /home/crt3y6fprbwi/public_html/admin/vendor/laravel/framework/src/Illuminate/Foundation/Application.php(942): Illuminate\Container\Container->make()
#8 /home/crt3y6fprbwi/public_html/admin/public/index.php(49): Illuminate\Foundation\Application->make()
#9 {main}
  thrown in /home/crt3y6fprbwi/public_html/admin/vendor/laravel/framework/src/Illuminate/Container/Container.php on line 914
[06-Apr-2024 05:19:11 UTC] PHP Warning:  include(/home/crt3y6fprbwi/public_html/admin/vendor/composer/../../app/Http/Kernel.php): Failed to open stream: No such file or directory in /home/crt3y6fprbwi/public_html/admin/vendor/composer/ClassLoader.php on line 576
[06-Apr-2024 05:19:11 UTC] PHP Warning:  include(): Failed opening '/home/crt3y6fprbwi/public_html/admin/vendor/composer/../../app/Http/Kernel.php' for inclusion (include_path='.:/opt/alt/php81/usr/share/pear:/opt/alt/php81/usr/share/php:/usr/share/pear:/usr/share/php') in /home/crt3y6fprbwi/public_html/admin/vendor/composer/ClassLoader.php on line 576
[06-Apr-2024 05:19:11 UTC] PHP Fatal error:  Uncaught ReflectionException: Class "App\Http\Kernel" does not exist in /home/crt3y6fprbwi/public_html/admin/vendor/laravel/framework/src/Illuminate/Container/Container.php:912
Stack trace:
#0 /home/crt3y6fprbwi/public_html/admin/vendor/laravel/framework/src/Illuminate/Container/Container.php(912): ReflectionClass->__construct()
#1 /home/crt3y6fprbwi/public_html/admin/vendor/laravel/framework/src/Illuminate/Container/Container.php(795): Illuminate\Container\Container->build()
#2 /home/crt3y6fprbwi/public_html/admin/vendor/laravel/framework/src/Illuminate/Foundation/Application.php(957): Illuminate\Container\Container->resolve()
#3 /home/crt3y6fprbwi/public_html/admin/vendor/laravel/framework/src/Illuminate/Container/Container.php(297): Illuminate\Foundation\Application->resolve()
#4 /home/crt3y6fprbwi/public_html/admin/vendor/laravel/framework/src/Illuminate/Container/Container.php(908): Illuminate\Container\Container->Illuminate\Container\{closure}()
#5 /home/crt3y6fprbwi/public_html/admin/vendor/laravel/framework/src/Illuminate/Container/Container.php(795): Illuminate\Container\Container->build()
#6 /home/crt3y6fprbwi/public_html/admin/vendor/laravel/framework/src/Illuminate/Foundation/Application.php(957): Illuminate\Container\Container->resolve()
#7 /home/crt3y6fprbwi/public_html/admin/vendor/laravel/framework/src/Illuminate/Container/Container.php(731): Illuminate\Foundation\Application->resolve()
#8 /home/crt3y6fprbwi/public_html/admin/vendor/laravel/framework/src/Illuminate/Foundation/Application.php(942): Illuminate\Container\Container->make()
#9 /home/crt3y6fprbwi/public_html/admin/public/index.php(49): Illuminate\Foundation\Application->make()
#10 {main}

Next Illuminate\Contracts\Container\BindingResolutionException: Target class [App\Http\Kernel] does not exist. in /home/crt3y6fprbwi/public_html/admin/vendor/laravel/framework/src/Illuminate/Container/Container.php:914
Stack trace:
#0 /home/crt3y6fprbwi/public_html/admin/vendor/laravel/framework/src/Illuminate/Container/Container.php(795): Illuminate\Container\Container->build()
#1 /home/crt3y6fprbwi/public_html/admin/vendor/laravel/framework/src/Illuminate/Foundation/Application.php(957): Illuminate\Container\Container->resolve()
#2 /home/crt3y6fprbwi/public_html/admin/vendor/laravel/framework/src/Illuminate/Container/Container.php(297): Illuminate\Foundation\Application->resolve()
#3 /home/crt3y6fprbwi/public_html/admin/vendor/laravel/framework/src/Illuminate/Container/Container.php(908): Illuminate\Container\Container->Illuminate\Container\{closure}()
#4 /home/crt3y6fprbwi/public_html/admin/vendor/laravel/framework/src/Illuminate/Container/Container.php(795): Illuminate\Container\Container->build()
#5 /home/crt3y6fprbwi/public_html/admin/vendor/laravel/framework/src/Illuminate/Foundation/Application.php(957): Illuminate\Container\Container->resolve()
#6 /home/crt3y6fprbwi/public_html/admin/vendor/laravel/framework/src/Illuminate/Container/Container.php(731): Illuminate\Foundation\Application->resolve()
#7 /home/crt3y6fprbwi/public_html/admin/vendor/laravel/framework/src/Illuminate/Foundation/Application.php(942): Illuminate\Container\Container->make()
#8 /home/crt3y6fprbwi/public_html/admin/public/index.php(49): Illuminate\Foundation\Application->make()
#9 {main}
  thrown in /home/crt3y6fprbwi/public_html/admin/vendor/laravel/framework/src/Illuminate/Container/Container.php on line 914
[06-Apr-2024 05:19:13 UTC] PHP Warning:  include(/home/crt3y6fprbwi/public_html/admin/vendor/composer/../../app/Http/Kernel.php): Failed to open stream: No such file or directory in /home/crt3y6fprbwi/public_html/admin/vendor/composer/ClassLoader.php on line 576
[06-Apr-2024 05:19:13 UTC] PHP Warning:  include(/home/crt3y6fprbwi/public_html/admin/vendor/composer/../../app/Http/Kernel.php): Failed to open stream: No such file or directory in /home/crt3y6fprbwi/public_html/admin/vendor/composer/ClassLoader.php on line 576
[06-Apr-2024 05:19:13 UTC] PHP Warning:  include(): Failed opening '/home/crt3y6fprbwi/public_html/admin/vendor/composer/../../app/Http/Kernel.php' for inclusion (include_path='.:/opt/alt/php81/usr/share/pear:/opt/alt/php81/usr/share/php:/usr/share/pear:/usr/share/php') in /home/crt3y6fprbwi/public_html/admin/vendor/composer/ClassLoader.php on line 576
[06-Apr-2024 05:19:13 UTC] PHP Warning:  include(): Failed opening '/home/crt3y6fprbwi/public_html/admin/vendor/composer/../../app/Http/Kernel.php' for inclusion (include_path='.:/opt/alt/php81/usr/share/pear:/opt/alt/php81/usr/share/php:/usr/share/pear:/usr/share/php') in /home/crt3y6fprbwi/public_html/admin/vendor/composer/ClassLoader.php on line 576
[06-Apr-2024 05:19:13 UTC] PHP Fatal error:  Uncaught ReflectionException: Class "App\Http\Kernel" does not exist in /home/crt3y6fprbwi/public_html/admin/vendor/laravel/framework/src/Illuminate/Container/Container.php:912
Stack trace:
#0 /home/crt3y6fprbwi/public_html/admin/vendor/laravel/framework/src/Illuminate/Container/Container.php(912): ReflectionClass->__construct()
#1 /home/crt3y6fprbwi/public_html/admin/vendor/laravel/framework/src/Illuminate/Container/Container.php(795): Illuminate\Container\Container->build()
#2 /home/crt3y6fprbwi/public_html/admin/vendor/laravel/framework/src/Illuminate/Foundation/Application.php(957): Illuminate\Container\Container->resolve()
#3 /home/crt3y6fprbwi/public_html/admin/vendor/laravel/framework/src/Illuminate/Container/Container.php(297): Illuminate\Foundation\Application->resolve()
#4 /home/crt3y6fprbwi/public_html/admin/vendor/laravel/framework/src/Illuminate/Container/Container.php(908): Illuminate\Container\Container->Illuminate\Container\{closure}()
#5 /home/crt3y6fprbwi/public_html/admin/vendor/laravel/framework/src/Illuminate/Container/Container.php(795): Illuminate\Container\Container->build()
#6 /home/crt3y6fprbwi/public_html/admin/vendor/laravel/framework/src/Illuminate/Foundation/Application.php(957): Illuminate\Container\Container->resolve()
#7 /home/crt3y6fprbwi/public_html/admin/vendor/laravel/framework/src/Illuminate/Container/Container.php(731): Illuminate\Foundation\Application->resolve()
#8 /home/crt3y6fprbwi/public_html/admin/vendor/laravel/framework/src/Illuminate/Foundation/Application.php(942): Illuminate\Container\Container->make()
#9 /home/crt3y6fprbwi/public_html/admin/public/index.php(49): Illuminate\Foundation\Application->make()
#10 {main}

Next Illuminate\Contracts\Container\BindingResolutionException: Target class [App\Http\Kernel] does not exist. in /home/crt3y6fprbwi/public_html/admin/vendor/laravel/framework/src/Illuminate/Container/Container.php:914
Stack trace:
#0 /home/crt3y6fprbwi/public_html/admin/vendor/laravel/framework/src/Illuminate/Container/Container.php(795): Illuminate\Container\Container->build()
#1 /home/crt3y6fprbwi/public_html/admin/vendor/laravel/framework/src/Illuminate/Foundation/Application.php(957): Illuminate\Container\Container->resolve()
#2 /home/crt3y6fprbwi/public_html/admin/vendor/laravel/framework/src/Illuminate/Container/Container.php(297): Illuminate\Foundation\Application->resolve()
#3 /home/crt3y6fprbwi/public_html/admin/vendor/laravel/framework/src/Illuminate/Container/Container.php(908): Illuminate\Container\Container->Illuminate\Container\{closure}()
#4 /home/crt3y6fprbwi/public_html/admin/vendor/laravel/framework/src/Illuminate/Container/Container.php(795): Illuminate\Container\Container->build()
#5 /home/crt3y6fprbwi/public_html/admin/vendor/laravel/framework/src/Illuminate/Foundation/Application.php(957): Illuminate\Container\Container->resolve()
#6 /home/crt3y6fprbwi/public_html/admin/vendor/laravel/framework/src/Illuminate/Container/Container.php(731): Illuminate\Foundation\Application->resolve()
#7 /home/crt3y6fprbwi/public_html/admin/vendor/laravel/framework/src/Illuminate/Foundation/Application.php(942): Illuminate\Container\Container->make()
#8 /home/crt3y6fprbwi/public_html/admin/public/index.php(49): Illuminate\Foundation\Application->make()
#9 {main}
  thrown in /home/crt3y6fprbwi/public_html/admin/vendor/laravel/framework/src/Illuminate/Container/Container.php on line 914
[06-Apr-2024 05:19:13 UTC] PHP Fatal error:  Uncaught ReflectionException: Class "App\Http\Kernel" does not exist in /home/crt3y6fprbwi/public_html/admin/vendor/laravel/framework/src/Illuminate/Container/Container.php:912
Stack trace:
#0 /home/crt3y6fprbwi/public_html/admin/vendor/laravel/framework/src/Illuminate/Container/Container.php(912): ReflectionClass->__construct()
#1 /home/crt3y6fprbwi/public_html/admin/vendor/laravel/framework/src/Illuminate/Container/Container.php(795): Illuminate\Container\Container->build()
#2 /home/crt3y6fprbwi/public_html/admin/vendor/laravel/framework/src/Illuminate/Foundation/Application.php(957): Illuminate\Container\Container->resolve()
#3 /home/crt3y6fprbwi/public_html/admin/vendor/laravel/framework/src/Illuminate/Container/Container.php(297): Illuminate\Foundation\Application->resolve()
#4 /home/crt3y6fprbwi/public_html/admin/vendor/laravel/framework/src/Illuminate/Container/Container.php(908): Illuminate\Container\Container->Illuminate\Container\{closure}()
#5 /home/crt3y6fprbwi/public_html/admin/vendor/laravel/framework/src/Illuminate/Container/Container.php(795): Illuminate\Container\Container->build()
#6 /home/crt3y6fprbwi/public_html/admin/vendor/laravel/framework/src/Illuminate/Foundation/Application.php(957): Illuminate\Container\Container->resolve()
#7 /home/crt3y6fprbwi/public_html/admin/vendor/laravel/framework/src/Illuminate/Container/Container.php(731): Illuminate\Foundation\Application->resolve()
#8 /home/crt3y6fprbwi/public_html/admin/vendor/laravel/framework/src/Illuminate/Foundation/Application.php(942): Illuminate\Container\Container->make()
#9 /home/crt3y6fprbwi/public_html/admin/public/index.php(49): Illuminate\Foundation\Application->make()
#10 {main}

Next Illuminate\Contracts\Container\BindingResolutionException: Target class [App\Http\Kernel] does not exist. in /home/crt3y6fprbwi/public_html/admin/vendor/laravel/framework/src/Illuminate/Container/Container.php:914
Stack trace:
#0 /home/crt3y6fprbwi/public_html/admin/vendor/laravel/framework/src/Illuminate/Container/Container.php(795): Illuminate\Container\Container->build()
#1 /home/crt3y6fprbwi/public_html/admin/vendor/laravel/framework/src/Illuminate/Foundation/Application.php(957): Illuminate\Container\Container->resolve()
#2 /home/crt3y6fprbwi/public_html/admin/vendor/laravel/framework/src/Illuminate/Container/Container.php(297): Illuminate\Foundation\Application->resolve()
#3 /home/crt3y6fprbwi/public_html/admin/vendor/laravel/framework/src/Illuminate/Container/Container.php(908): Illuminate\Container\Container->Illuminate\Container\{closure}()
#4 /home/crt3y6fprbwi/public_html/admin/vendor/laravel/framework/src/Illuminate/Container/Container.php(795): Illuminate\Container\Container->build()
#5 /home/crt3y6fprbwi/public_html/admin/vendor/laravel/framework/src/Illuminate/Foundation/Application.php(957): Illuminate\Container\Container->resolve()
#6 /home/crt3y6fprbwi/public_html/admin/vendor/laravel/framework/src/Illuminate/Container/Container.php(731): Illuminate\Foundation\Application->resolve()
#7 /home/crt3y6fprbwi/public_html/admin/vendor/laravel/framework/src/Illuminate/Foundation/Application.php(942): Illuminate\Container\Container->make()
#8 /home/crt3y6fprbwi/public_html/admin/public/index.php(49): Illuminate\Foundation\Application->make()
#9 {main}
  thrown in /home/crt3y6fprbwi/public_html/admin/vendor/laravel/framework/src/Illuminate/Container/Container.php on line 914
[06-Apr-2024 05:19:13 UTC] PHP Warning:  include(/home/crt3y6fprbwi/public_html/admin/vendor/composer/../../app/Http/Kernel.php): Failed to open stream: No such file or directory in /home/crt3y6fprbwi/public_html/admin/vendor/composer/ClassLoader.php on line 576
[06-Apr-2024 05:19:13 UTC] PHP Warning:  include(): Failed opening '/home/crt3y6fprbwi/public_html/admin/vendor/composer/../../app/Http/Kernel.php' for inclusion (include_path='.:/opt/alt/php81/usr/share/pear:/opt/alt/php81/usr/share/php:/usr/share/pear:/usr/share/php') in /home/crt3y6fprbwi/public_html/admin/vendor/composer/ClassLoader.php on line 576
[06-Apr-2024 05:19:13 UTC] PHP Fatal error:  Uncaught ReflectionException: Class "App\Http\Kernel" does not exist in /home/crt3y6fprbwi/public_html/admin/vendor/laravel/framework/src/Illuminate/Container/Container.php:912
Stack trace:
#0 /home/crt3y6fprbwi/public_html/admin/vendor/laravel/framework/src/Illuminate/Container/Container.php(912): ReflectionClass->__construct()
#1 /home/crt3y6fprbwi/public_html/admin/vendor/laravel/framework/src/Illuminate/Container/Container.php(795): Illuminate\Container\Container->build()
#2 /home/crt3y6fprbwi/public_html/admin/vendor/laravel/framework/src/Illuminate/Foundation/Application.php(957): Illuminate\Container\Container->resolve()
#3 /home/crt3y6fprbwi/public_html/admin/vendor/laravel/framework/src/Illuminate/Container/Container.php(297): Illuminate\Foundation\Application->resolve()
#4 /home/crt3y6fprbwi/public_html/admin/vendor/laravel/framework/src/Illuminate/Container/Container.php(908): Illuminate\Container\Container->Illuminate\Container\{closure}()
#5 /home/crt3y6fprbwi/public_html/admin/vendor/laravel/framework/src/Illuminate/Container/Container.php(795): Illuminate\Container\Container->build()
#6 /home/crt3y6fprbwi/public_html/admin/vendor/laravel/framework/src/Illuminate/Foundation/Application.php(957): Illuminate\Container\Container->resolve()
#7 /home/crt3y6fprbwi/public_html/admin/vendor/laravel/framework/src/Illuminate/Container/Container.php(731): Illuminate\Foundation\Application->resolve()
#8 /home/crt3y6fprbwi/public_html/admin/vendor/laravel/framework/src/Illuminate/Foundation/Application.php(942): Illuminate\Container\Container->make()
#9 /home/crt3y6fprbwi/public_html/admin/public/index.php(49): Illuminate\Foundation\Application->make()
#10 {main}

Next Illuminate\Contracts\Container\BindingResolutionException: Target class [App\Http\Kernel] does not exist. in /home/crt3y6fprbwi/public_html/admin/vendor/laravel/framework/src/Illuminate/Container/Container.php:914
Stack trace:
#0 /home/crt3y6fprbwi/public_html/admin/vendor/laravel/framework/src/Illuminate/Container/Container.php(795): Illuminate\Container\Container->build()
#1 /home/crt3y6fprbwi/public_html/admin/vendor/laravel/framework/src/Illuminate/Foundation/Application.php(957): Illuminate\Container\Container->resolve()
#2 /home/crt3y6fprbwi/public_html/admin/vendor/laravel/framework/src/Illuminate/Container/Container.php(297): Illuminate\Foundation\Application->resolve()
#3 /home/crt3y6fprbwi/public_html/admin/vendor/laravel/framework/src/Illuminate/Container/Container.php(908): Illuminate\Container\Container->Illuminate\Container\{closure}()
#4 /home/crt3y6fprbwi/public_html/admin/vendor/laravel/framework/src/Illuminate/Container/Container.php(795): Illuminate\Container\Container->build()
#5 /home/crt3y6fprbwi/public_html/admin/vendor/laravel/framework/src/Illuminate/Foundation/Application.php(957): Illuminate\Container\Container->resolve()
#6 /home/crt3y6fprbwi/public_html/admin/vendor/laravel/framework/src/Illuminate/Container/Container.php(731): Illuminate\Foundation\Application->resolve()
#7 /home/crt3y6fprbwi/public_html/admin/vendor/laravel/framework/src/Illuminate/Foundation/Application.php(942): Illuminate\Container\Container->make()
#8 /home/crt3y6fprbwi/public_html/admin/public/index.php(49): Illuminate\Foundation\Application->make()
#9 {main}
  thrown in /home/crt3y6fprbwi/public_html/admin/vendor/laravel/framework/src/Illuminate/Container/Container.php on line 914
[06-Apr-2024 05:19:24 UTC] PHP Warning:  include(/home/crt3y6fprbwi/public_html/admin/vendor/composer/../../app/Http/Kernel.php): Failed to open stream: No such file or directory in /home/crt3y6fprbwi/public_html/admin/vendor/composer/ClassLoader.php on line 576
[06-Apr-2024 05:19:24 UTC] PHP Warning:  include(): Failed opening '/home/crt3y6fprbwi/public_html/admin/vendor/composer/../../app/Http/Kernel.php' for inclusion (include_path='.:/opt/alt/php81/usr/share/pear:/opt/alt/php81/usr/share/php:/usr/share/pear:/usr/share/php') in /home/crt3y6fprbwi/public_html/admin/vendor/composer/ClassLoader.php on line 576
[06-Apr-2024 05:19:24 UTC] PHP Fatal error:  Uncaught ReflectionException: Class "App\Http\Kernel" does not exist in /home/crt3y6fprbwi/public_html/admin/vendor/laravel/framework/src/Illuminate/Container/Container.php:912
Stack trace:
#0 /home/crt3y6fprbwi/public_html/admin/vendor/laravel/framework/src/Illuminate/Container/Container.php(912): ReflectionClass->__construct()
#1 /home/crt3y6fprbwi/public_html/admin/vendor/laravel/framework/src/Illuminate/Container/Container.php(795): Illuminate\Container\Container->build()
#2 /home/crt3y6fprbwi/public_html/admin/vendor/laravel/framework/src/Illuminate/Foundation/Application.php(957): Illuminate\Container\Container->resolve()
#3 /home/crt3y6fprbwi/public_html/admin/vendor/laravel/framework/src/Illuminate/Container/Container.php(297): Illuminate\Foundation\Application->resolve()
#4 /home/crt3y6fprbwi/public_html/admin/vendor/laravel/framework/src/Illuminate/Container/Container.php(908): Illuminate\Container\Container->Illuminate\Container\{closure}()
#5 /home/crt3y6fprbwi/public_html/admin/vendor/laravel/framework/src/Illuminate/Container/Container.php(795): Illuminate\Container\Container->build()
#6 /home/crt3y6fprbwi/public_html/admin/vendor/laravel/framework/src/Illuminate/Foundation/Application.php(957): Illuminate\Container\Container->resolve()
#7 /home/crt3y6fprbwi/public_html/admin/vendor/laravel/framework/src/Illuminate/Container/Container.php(731): Illuminate\Foundation\Application->resolve()
#8 /home/crt3y6fprbwi/public_html/admin/vendor/laravel/framework/src/Illuminate/Foundation/Application.php(942): Illuminate\Container\Container->make()
#9 /home/crt3y6fprbwi/public_html/admin/public/index.php(49): Illuminate\Foundation\Application->make()
#10 {main}

Next Illuminate\Contracts\Container\BindingResolutionException: Target class [App\Http\Kernel] does not exist. in /home/crt3y6fprbwi/public_html/admin/vendor/laravel/framework/src/Illuminate/Container/Container.php:914
Stack trace:
#0 /home/crt3y6fprbwi/public_html/admin/vendor/laravel/framework/src/Illuminate/Container/Container.php(795): Illuminate\Container\Container->build()
#1 /home/crt3y6fprbwi/public_html/admin/vendor/laravel/framework/src/Illuminate/Foundation/Application.php(957): Illuminate\Container\Container->resolve()
#2 /home/crt3y6fprbwi/public_html/admin/vendor/laravel/framework/src/Illuminate/Container/Container.php(297): Illuminate\Foundation\Application->resolve()
#3 /home/crt3y6fprbwi/public_html/admin/vendor/laravel/framework/src/Illuminate/Container/Container.php(908): Illuminate\Container\Container->Illuminate\Container\{closure}()
#4 /home/crt3y6fprbwi/public_html/admin/vendor/laravel/framework/src/Illuminate/Container/Container.php(795): Illuminate\Container\Container->build()
#5 /home/crt3y6fprbwi/public_html/admin/vendor/laravel/framework/src/Illuminate/Foundation/Application.php(957): Illuminate\Container\Container->resolve()
#6 /home/crt3y6fprbwi/public_html/admin/vendor/laravel/framework/src/Illuminate/Container/Container.php(731): Illuminate\Foundation\Application->resolve()
#7 /home/crt3y6fprbwi/public_html/admin/vendor/laravel/framework/src/Illuminate/Foundation/Application.php(942): Illuminate\Container\Container->make()
#8 /home/crt3y6fprbwi/public_html/admin/public/index.php(49): Illuminate\Foundation\Application->make()
#9 {main}
  thrown in /home/crt3y6fprbwi/public_html/admin/vendor/laravel/framework/src/Illuminate/Container/Container.php on line 914
[06-Apr-2024 05:19:24 UTC] PHP Warning:  include(/home/crt3y6fprbwi/public_html/admin/vendor/composer/../../app/Http/Kernel.php): Failed to open stream: No such file or directory in /home/crt3y6fprbwi/public_html/admin/vendor/composer/ClassLoader.php on line 576
[06-Apr-2024 05:19:24 UTC] PHP Warning:  include(): Failed opening '/home/crt3y6fprbwi/public_html/admin/vendor/composer/../../app/Http/Kernel.php' for inclusion (include_path='.:/opt/alt/php81/usr/share/pear:/opt/alt/php81/usr/share/php:/usr/share/pear:/usr/share/php') in /home/crt3y6fprbwi/public_html/admin/vendor/composer/ClassLoader.php on line 576
[06-Apr-2024 05:19:24 UTC] PHP Fatal error:  Uncaught ReflectionException: Class "App\Http\Kernel" does not exist in /home/crt3y6fprbwi/public_html/admin/vendor/laravel/framework/src/Illuminate/Container/Container.php:912
Stack trace:
#0 /home/crt3y6fprbwi/public_html/admin/vendor/laravel/framework/src/Illuminate/Container/Container.php(912): ReflectionClass->__construct()
#1 /home/crt3y6fprbwi/public_html/admin/vendor/laravel/framework/src/Illuminate/Container/Container.php(795): Illuminate\Container\Container->build()
#2 /home/crt3y6fprbwi/public_html/admin/vendor/laravel/framework/src/Illuminate/Foundation/Application.php(957): Illuminate\Container\Container->resolve()
#3 /home/crt3y6fprbwi/public_html/admin/vendor/laravel/framework/src/Illuminate/Container/Container.php(297): Illuminate\Foundation\Application->resolve()
#4 /home/crt3y6fprbwi/public_html/admin/vendor/laravel/framework/src/Illuminate/Container/Container.php(908): Illuminate\Container\Container->Illuminate\Container\{closure}()
#5 /home/crt3y6fprbwi/public_html/admin/vendor/laravel/framework/src/Illuminate/Container/Container.php(795): Illuminate\Container\Container->build()
#6 /home/crt3y6fprbwi/public_html/admin/vendor/laravel/framework/src/Illuminate/Foundation/Application.php(957): Illuminate\Container\Container->resolve()
#7 /home/crt3y6fprbwi/public_html/admin/vendor/laravel/framework/src/Illuminate/Container/Container.php(731): Illuminate\Foundation\Application->resolve()
#8 /home/crt3y6fprbwi/public_html/admin/vendor/laravel/framework/src/Illuminate/Foundation/Application.php(942): Illuminate\Container\Container->make()
#9 /home/crt3y6fprbwi/public_html/admin/public/index.php(49): Illuminate\Foundation\Application->make()
#10 {main}

Next Illuminate\Contracts\Container\BindingResolutionException: Target class [App\Http\Kernel] does not exist. in /home/crt3y6fprbwi/public_html/admin/vendor/laravel/framework/src/Illuminate/Container/Container.php:914
Stack trace:
#0 /home/crt3y6fprbwi/public_html/admin/vendor/laravel/framework/src/Illuminate/Container/Container.php(795): Illuminate\Container\Container->build()
#1 /home/crt3y6fprbwi/public_html/admin/vendor/laravel/framework/src/Illuminate/Foundation/Application.php(957): Illuminate\Container\Container->resolve()
#2 /home/crt3y6fprbwi/public_html/admin/vendor/laravel/framework/src/Illuminate/Container/Container.php(297): Illuminate\Foundation\Application->resolve()
#3 /home/crt3y6fprbwi/public_html/admin/vendor/laravel/framework/src/Illuminate/Container/Container.php(908): Illuminate\Container\Container->Illuminate\Container\{closure}()
#4 /home/crt3y6fprbwi/public_html/admin/vendor/laravel/framework/src/Illuminate/Container/Container.php(795): Illuminate\Container\Container->build()
#5 /home/crt3y6fprbwi/public_html/admin/vendor/laravel/framework/src/Illuminate/Foundation/Application.php(957): Illuminate\Container\Container->resolve()
#6 /home/crt3y6fprbwi/public_html/admin/vendor/laravel/framework/src/Illuminate/Container/Container.php(731): Illuminate\Foundation\Application->resolve()
#7 /home/crt3y6fprbwi/public_html/admin/vendor/laravel/framework/src/Illuminate/Foundation/Application.php(942): Illuminate\Container\Container->make()
#8 /home/crt3y6fprbwi/public_html/admin/public/index.php(49): Illuminate\Foundation\Application->make()
#9 {main}
  thrown in /home/crt3y6fprbwi/public_html/admin/vendor/laravel/framework/src/Illuminate/Container/Container.php on line 914
[06-Apr-2024 05:19:24 UTC] PHP Warning:  include(/home/crt3y6fprbwi/public_html/admin/vendor/composer/../../app/Http/Kernel.php): Failed to open stream: No such file or directory in /home/crt3y6fprbwi/public_html/admin/vendor/composer/ClassLoader.php on line 576
[06-Apr-2024 05:19:24 UTC] PHP Warning:  include(): Failed opening '/home/crt3y6fprbwi/public_html/admin/vendor/composer/../../app/Http/Kernel.php' for inclusion (include_path='.:/opt/alt/php81/usr/share/pear:/opt/alt/php81/usr/share/php:/usr/share/pear:/usr/share/php') in /home/crt3y6fprbwi/public_html/admin/vendor/composer/ClassLoader.php on line 576
[06-Apr-2024 05:19:24 UTC] PHP Fatal error:  Uncaught ReflectionException: Class "App\Http\Kernel" does not exist in /home/crt3y6fprbwi/public_html/admin/vendor/laravel/framework/src/Illuminate/Container/Container.php:912
Stack trace:
#0 /home/crt3y6fprbwi/public_html/admin/vendor/laravel/framework/src/Illuminate/Container/Container.php(912): ReflectionClass->__construct()
#1 /home/crt3y6fprbwi/public_html/admin/vendor/laravel/framework/src/Illuminate/Container/Container.php(795): Illuminate\Container\Container->build()
#2 /home/crt3y6fprbwi/public_html/admin/vendor/laravel/framework/src/Illuminate/Foundation/Application.php(957): Illuminate\Container\Container->resolve()
#3 /home/crt3y6fprbwi/public_html/admin/vendor/laravel/framework/src/Illuminate/Container/Container.php(297): Illuminate\Foundation\Application->resolve()
#4 /home/crt3y6fprbwi/public_html/admin/vendor/laravel/framework/src/Illuminate/Container/Container.php(908): Illuminate\Container\Container->Illuminate\Container\{closure}()
#5 /home/crt3y6fprbwi/public_html/admin/vendor/laravel/framework/src/Illuminate/Container/Container.php(795): Illuminate\Container\Container->build()
#6 /home/crt3y6fprbwi/public_html/admin/vendor/laravel/framework/src/Illuminate/Foundation/Application.php(957): Illuminate\Container\Container->resolve()
#7 /home/crt3y6fprbwi/public_html/admin/vendor/laravel/framework/src/Illuminate/Container/Container.php(731): Illuminate\Foundation\Application->resolve()
#8 /home/crt3y6fprbwi/public_html/admin/vendor/laravel/framework/src/Illuminate/Foundation/Application.php(942): Illuminate\Container\Container->make()
#9 /home/crt3y6fprbwi/public_html/admin/public/index.php(49): Illuminate\Foundation\Application->make()
#10 {main}

Next Illuminate\Contracts\Container\BindingResolutionException: Target class [App\Http\Kernel] does not exist. in /home/crt3y6fprbwi/public_html/admin/vendor/laravel/framework/src/Illuminate/Container/Container.php:914
Stack trace:
#0 /home/crt3y6fprbwi/public_html/admin/vendor/laravel/framework/src/Illuminate/Container/Container.php(795): Illuminate\Container\Container->build()
#1 /home/crt3y6fprbwi/public_html/admin/vendor/laravel/framework/src/Illuminate/Foundation/Application.php(957): Illuminate\Container\Container->resolve()
#2 /home/crt3y6fprbwi/public_html/admin/vendor/laravel/framework/src/Illuminate/Container/Container.php(297): Illuminate\Foundation\Application->resolve()
#3 /home/crt3y6fprbwi/public_html/admin/vendor/laravel/framework/src/Illuminate/Container/Container.php(908): Illuminate\Container\Container->Illuminate\Container\{closure}()
#4 /home/crt3y6fprbwi/public_html/admin/vendor/laravel/framework/src/Illuminate/Container/Container.php(795): Illuminate\Container\Container->build()
#5 /home/crt3y6fprbwi/public_html/admin/vendor/laravel/framework/src/Illuminate/Foundation/Application.php(957): Illuminate\Container\Container->resolve()
#6 /home/crt3y6fprbwi/public_html/admin/vendor/laravel/framework/src/Illuminate/Container/Container.php(731): Illuminate\Foundation\Application->resolve()
#7 /home/crt3y6fprbwi/public_html/admin/vendor/laravel/framework/src/Illuminate/Foundation/Application.php(942): Illuminate\Container\Container->make()
#8 /home/crt3y6fprbwi/public_html/admin/public/index.php(49): Illuminate\Foundation\Application->make()
#9 {main}
  thrown in /home/crt3y6fprbwi/public_html/admin/vendor/laravel/framework/src/Illuminate/Container/Container.php on line 914
[06-Apr-2024 05:19:24 UTC] PHP Warning:  include(/home/crt3y6fprbwi/public_html/admin/vendor/composer/../../app/Http/Kernel.php): Failed to open stream: No such file or directory in /home/crt3y6fprbwi/public_html/admin/vendor/composer/ClassLoader.php on line 576
[06-Apr-2024 05:19:24 UTC] PHP Warning:  include(): Failed opening '/home/crt3y6fprbwi/public_html/admin/vendor/composer/../../app/Http/Kernel.php' for inclusion (include_path='.:/opt/alt/php81/usr/share/pear:/opt/alt/php81/usr/share/php:/usr/share/pear:/usr/share/php') in /home/crt3y6fprbwi/public_html/admin/vendor/composer/ClassLoader.php on line 576
[06-Apr-2024 05:19:24 UTC] PHP Fatal error:  Uncaught ReflectionException: Class "App\Http\Kernel" does not exist in /home/crt3y6fprbwi/public_html/admin/vendor/laravel/framework/src/Illuminate/Container/Container.php:912
Stack trace:
#0 /home/crt3y6fprbwi/public_html/admin/vendor/laravel/framework/src/Illuminate/Container/Container.php(912): ReflectionClass->__construct()
#1 /home/crt3y6fprbwi/public_html/admin/vendor/laravel/framework/src/Illuminate/Container/Container.php(795): Illuminate\Container\Container->build()
#2 /home/crt3y6fprbwi/public_html/admin/vendor/laravel/framework/src/Illuminate/Foundation/Application.php(957): Illuminate\Container\Container->resolve()
#3 /home/crt3y6fprbwi/public_html/admin/vendor/laravel/framework/src/Illuminate/Container/Container.php(297): Illuminate\Foundation\Application->resolve()
#4 /home/crt3y6fprbwi/public_html/admin/vendor/laravel/framework/src/Illuminate/Container/Container.php(908): Illuminate\Container\Container->Illuminate\Container\{closure}()
#5 /home/crt3y6fprbwi/public_html/admin/vendor/laravel/framework/src/Illuminate/Container/Container.php(795): Illuminate\Container\Container->build()
#6 /home/crt3y6fprbwi/public_html/admin/vendor/laravel/framework/src/Illuminate/Foundation/Application.php(957): Illuminate\Container\Container->resolve()
#7 /home/crt3y6fprbwi/public_html/admin/vendor/laravel/framework/src/Illuminate/Container/Container.php(731): Illuminate\Foundation\Application->resolve()
#8 /home/crt3y6fprbwi/public_html/admin/vendor/laravel/framework/src/Illuminate/Foundation/Application.php(942): Illuminate\Container\Container->make()
#9 /home/crt3y6fprbwi/public_html/admin/public/index.php(49): Illuminate\Foundation\Application->make()
#10 {main}

Next Illuminate\Contracts\Container\BindingResolutionException: Target class [App\Http\Kernel] does not exist. in /home/crt3y6fprbwi/public_html/admin/vendor/laravel/framework/src/Illuminate/Container/Container.php:914
Stack trace:
#0 /home/crt3y6fprbwi/public_html/admin/vendor/laravel/framework/src/Illuminate/Container/Container.php(795): Illuminate\Container\Container->build()
#1 /home/crt3y6fprbwi/public_html/admin/vendor/laravel/framework/src/Illuminate/Foundation/Application.php(957): Illuminate\Container\Container->resolve()
#2 /home/crt3y6fprbwi/public_html/admin/vendor/laravel/framework/src/Illuminate/Container/Container.php(297): Illuminate\Foundation\Application->resolve()
#3 /home/crt3y6fprbwi/public_html/admin/vendor/laravel/framework/src/Illuminate/Container/Container.php(908): Illuminate\Container\Container->Illuminate\Container\{closure}()
#4 /home/crt3y6fprbwi/public_html/admin/vendor/laravel/framework/src/Illuminate/Container/Container.php(795): Illuminate\Container\Container->build()
#5 /home/crt3y6fprbwi/public_html/admin/vendor/laravel/framework/src/Illuminate/Foundation/Application.php(957): Illuminate\Container\Container->resolve()
#6 /home/crt3y6fprbwi/public_html/admin/vendor/laravel/framework/src/Illuminate/Container/Container.php(731): Illuminate\Foundation\Application->resolve()
#7 /home/crt3y6fprbwi/public_html/admin/vendor/laravel/framework/src/Illuminate/Foundation/Application.php(942): Illuminate\Container\Container->make()
#8 /home/crt3y6fprbwi/public_html/admin/public/index.php(49): Illuminate\Foundation\Application->make()
#9 {main}
  thrown in /home/crt3y6fprbwi/public_html/admin/vendor/laravel/framework/src/Illuminate/Container/Container.php on line 914
[06-Apr-2024 05:19:24 UTC] PHP Warning:  include(/home/crt3y6fprbwi/public_html/admin/vendor/composer/../../app/Http/Kernel.php): Failed to open stream: No such file or directory in /home/crt3y6fprbwi/public_html/admin/vendor/composer/ClassLoader.php on line 576
[06-Apr-2024 05:19:24 UTC] PHP Warning:  include(): Failed opening '/home/crt3y6fprbwi/public_html/admin/vendor/composer/../../app/Http/Kernel.php' for inclusion (include_path='.:/opt/alt/php81/usr/share/pear:/opt/alt/php81/usr/share/php:/usr/share/pear:/usr/share/php') in /home/crt3y6fprbwi/public_html/admin/vendor/composer/ClassLoader.php on line 576
[06-Apr-2024 05:19:24 UTC] PHP Fatal error:  Uncaught ReflectionException: Class "App\Http\Kernel" does not exist in /home/crt3y6fprbwi/public_html/admin/vendor/laravel/framework/src/Illuminate/Container/Container.php:912
Stack trace:
#0 /home/crt3y6fprbwi/public_html/admin/vendor/laravel/framework/src/Illuminate/Container/Container.php(912): ReflectionClass->__construct()
#1 /home/crt3y6fprbwi/public_html/admin/vendor/laravel/framework/src/Illuminate/Container/Container.php(795): Illuminate\Container\Container->build()
#2 /home/crt3y6fprbwi/public_html/admin/vendor/laravel/framework/src/Illuminate/Foundation/Application.php(957): Illuminate\Container\Container->resolve()
#3 /home/crt3y6fprbwi/public_html/admin/vendor/laravel/framework/src/Illuminate/Container/Container.php(297): Illuminate\Foundation\Application->resolve()
#4 /home/crt3y6fprbwi/public_html/admin/vendor/laravel/framework/src/Illuminate/Container/Container.php(908): Illuminate\Container\Container->Illuminate\Container\{closure}()
#5 /home/crt3y6fprbwi/public_html/admin/vendor/laravel/framework/src/Illuminate/Container/Container.php(795): Illuminate\Container\Container->build()
#6 /home/crt3y6fprbwi/public_html/admin/vendor/laravel/framework/src/Illuminate/Foundation/Application.php(957): Illuminate\Container\Container->resolve()
#7 /home/crt3y6fprbwi/public_html/admin/vendor/laravel/framework/src/Illuminate/Container/Container.php(731): Illuminate\Foundation\Application->resolve()
#8 /home/crt3y6fprbwi/public_html/admin/vendor/laravel/framework/src/Illuminate/Foundation/Application.php(942): Illuminate\Container\Container->make()
#9 /home/crt3y6fprbwi/public_html/admin/public/index.php(49): Illuminate\Foundation\Application->make()
#10 {main}

Next Illuminate\Contracts\Container\BindingResolutionException: Target class [App\Http\Kernel] does not exist. in /home/crt3y6fprbwi/public_html/admin/vendor/laravel/framework/src/Illuminate/Container/Container.php:914
Stack trace:
#0 /home/crt3y6fprbwi/public_html/admin/vendor/laravel/framework/src/Illuminate/Container/Container.php(795): Illuminate\Container\Container->build()
#1 /home/crt3y6fprbwi/public_html/admin/vendor/laravel/framework/src/Illuminate/Foundation/Application.php(957): Illuminate\Container\Container->resolve()
#2 /home/crt3y6fprbwi/public_html/admin/vendor/laravel/framework/src/Illuminate/Container/Container.php(297): Illuminate\Foundation\Application->resolve()
#3 /home/crt3y6fprbwi/public_html/admin/vendor/laravel/framework/src/Illuminate/Container/Container.php(908): Illuminate\Container\Container->Illuminate\Container\{closure}()
#4 /home/crt3y6fprbwi/public_html/admin/vendor/laravel/framework/src/Illuminate/Container/Container.php(795): Illuminate\Container\Container->build()
#5 /home/crt3y6fprbwi/public_html/admin/vendor/laravel/framework/src/Illuminate/Foundation/Application.php(957): Illuminate\Container\Container->resolve()
#6 /home/crt3y6fprbwi/public_html/admin/vendor/laravel/framework/src/Illuminate/Container/Container.php(731): Illuminate\Foundation\Application->resolve()
#7 /home/crt3y6fprbwi/public_html/admin/vendor/laravel/framework/src/Illuminate/Foundation/Application.php(942): Illuminate\Container\Container->make()
#8 /home/crt3y6fprbwi/public_html/admin/public/index.php(49): Illuminate\Foundation\Application->make()
#9 {main}
  thrown in /home/crt3y6fprbwi/public_html/admin/vendor/laravel/framework/src/Illuminate/Container/Container.php on line 914
[06-Apr-2024 05:19:24 UTC] PHP Warning:  include(/home/crt3y6fprbwi/public_html/admin/vendor/composer/../../app/Http/Kernel.php): Failed to open stream: No such file or directory in /home/crt3y6fprbwi/public_html/admin/vendor/composer/ClassLoader.php on line 576
[06-Apr-2024 05:19:24 UTC] PHP Warning:  include(): Failed opening '/home/crt3y6fprbwi/public_html/admin/vendor/composer/../../app/Http/Kernel.php' for inclusion (include_path='.:/opt/alt/php81/usr/share/pear:/opt/alt/php81/usr/share/php:/usr/share/pear:/usr/share/php') in /home/crt3y6fprbwi/public_html/admin/vendor/composer/ClassLoader.php on line 576
[06-Apr-2024 05:19:24 UTC] PHP Fatal error:  Uncaught ReflectionException: Class "App\Http\Kernel" does not exist in /home/crt3y6fprbwi/public_html/admin/vendor/laravel/framework/src/Illuminate/Container/Container.php:912
Stack trace:
#0 /home/crt3y6fprbwi/public_html/admin/vendor/laravel/framework/src/Illuminate/Container/Container.php(912): ReflectionClass->__construct()
#1 /home/crt3y6fprbwi/public_html/admin/vendor/laravel/framework/src/Illuminate/Container/Container.php(795): Illuminate\Container\Container->build()
#2 /home/crt3y6fprbwi/public_html/admin/vendor/laravel/framework/src/Illuminate/Foundation/Application.php(957): Illuminate\Container\Container->resolve()
#3 /home/crt3y6fprbwi/public_html/admin/vendor/laravel/framework/src/Illuminate/Container/Container.php(297): Illuminate\Foundation\Application->resolve()
#4 /home/crt3y6fprbwi/public_html/admin/vendor/laravel/framework/src/Illuminate/Container/Container.php(908): Illuminate\Container\Container->Illuminate\Container\{closure}()
#5 /home/crt3y6fprbwi/public_html/admin/vendor/laravel/framework/src/Illuminate/Container/Container.php(795): Illuminate\Container\Container->build()
#6 /home/crt3y6fprbwi/public_html/admin/vendor/laravel/framework/src/Illuminate/Foundation/Application.php(957): Illuminate\Container\Container->resolve()
#7 /home/crt3y6fprbwi/public_html/admin/vendor/laravel/framework/src/Illuminate/Container/Container.php(731): Illuminate\Foundation\Application->resolve()
#8 /home/crt3y6fprbwi/public_html/admin/vendor/laravel/framework/src/Illuminate/Foundation/Application.php(942): Illuminate\Container\Container->make()
#9 /home/crt3y6fprbwi/public_html/admin/public/index.php(49): Illuminate\Foundation\Application->make()
#10 {main}

Next Illuminate\Contracts\Container\BindingResolutionException: Target class [App\Http\Kernel] does not exist. in /home/crt3y6fprbwi/public_html/admin/vendor/laravel/framework/src/Illuminate/Container/Container.php:914
Stack trace:
#0 /home/crt3y6fprbwi/public_html/admin/vendor/laravel/framework/src/Illuminate/Container/Container.php(795): Illuminate\Container\Container->build()
#1 /home/crt3y6fprbwi/public_html/admin/vendor/laravel/framework/src/Illuminate/Foundation/Application.php(957): Illuminate\Container\Container->resolve()
#2 /home/crt3y6fprbwi/public_html/admin/vendor/laravel/framework/src/Illuminate/Container/Container.php(297): Illuminate\Foundation\Application->resolve()
#3 /home/crt3y6fprbwi/public_html/admin/vendor/laravel/framework/src/Illuminate/Container/Container.php(908): Illuminate\Container\Container->Illuminate\Container\{closure}()
#4 /home/crt3y6fprbwi/public_html/admin/vendor/laravel/framework/src/Illuminate/Container/Container.php(795): Illuminate\Container\Container->build()
#5 /home/crt3y6fprbwi/public_html/admin/vendor/laravel/framework/src/Illuminate/Foundation/Application.php(957): Illuminate\Container\Container->resolve()
#6 /home/crt3y6fprbwi/public_html/admin/vendor/laravel/framework/src/Illuminate/Container/Container.php(731): Illuminate\Foundation\Application->resolve()
#7 /home/crt3y6fprbwi/public_html/admin/vendor/laravel/framework/src/Illuminate/Foundation/Application.php(942): Illuminate\Container\Container->make()
#8 /home/crt3y6fprbwi/public_html/admin/public/index.php(49): Illuminate\Foundation\Application->make()
#9 {main}
  thrown in /home/crt3y6fprbwi/public_html/admin/vendor/laravel/framework/src/Illuminate/Container/Container.php on line 914
[06-Apr-2024 05:19:29 UTC] PHP Warning:  include(/home/crt3y6fprbwi/public_html/admin/vendor/composer/../../app/Http/Kernel.php): Failed to open stream: No such file or directory in /home/crt3y6fprbwi/public_html/admin/vendor/composer/ClassLoader.php on line 576
[06-Apr-2024 05:19:29 UTC] PHP Warning:  include(): Failed opening '/home/crt3y6fprbwi/public_html/admin/vendor/composer/../../app/Http/Kernel.php' for inclusion (include_path='.:/opt/alt/php81/usr/share/pear:/opt/alt/php81/usr/share/php:/usr/share/pear:/usr/share/php') in /home/crt3y6fprbwi/public_html/admin/vendor/composer/ClassLoader.php on line 576
[06-Apr-2024 05:19:29 UTC] PHP Fatal error:  Uncaught ReflectionException: Class "App\Http\Kernel" does not exist in /home/crt3y6fprbwi/public_html/admin/vendor/laravel/framework/src/Illuminate/Container/Container.php:912
Stack trace:
#0 /home/crt3y6fprbwi/public_html/admin/vendor/laravel/framework/src/Illuminate/Container/Container.php(912): ReflectionClass->__construct()
#1 /home/crt3y6fprbwi/public_html/admin/vendor/laravel/framework/src/Illuminate/Container/Container.php(795): Illuminate\Container\Container->build()
#2 /home/crt3y6fprbwi/public_html/admin/vendor/laravel/framework/src/Illuminate/Foundation/Application.php(957): Illuminate\Container\Container->resolve()
#3 /home/crt3y6fprbwi/public_html/admin/vendor/laravel/framework/src/Illuminate/Container/Container.php(297): Illuminate\Foundation\Application->resolve()
#4 /home/crt3y6fprbwi/public_html/admin/vendor/laravel/framework/src/Illuminate/Container/Container.php(908): Illuminate\Container\Container->Illuminate\Container\{closure}()
#5 /home/crt3y6fprbwi/public_html/admin/vendor/laravel/framework/src/Illuminate/Container/Container.php(795): Illuminate\Container\Container->build()
#6 /home/crt3y6fprbwi/public_html/admin/vendor/laravel/framework/src/Illuminate/Foundation/Application.php(957): Illuminate\Container\Container->resolve()
#7 /home/crt3y6fprbwi/public_html/admin/vendor/laravel/framework/src/Illuminate/Container/Container.php(731): Illuminate\Foundation\Application->resolve()
#8 /home/crt3y6fprbwi/public_html/admin/vendor/laravel/framework/src/Illuminate/Foundation/Application.php(942): Illuminate\Container\Container->make()
#9 /home/crt3y6fprbwi/public_html/admin/public/index.php(49): Illuminate\Foundation\Application->make()
#10 {main}

Next Illuminate\Contracts\Container\BindingResolutionException: Target class [App\Http\Kernel] does not exist. in /home/crt3y6fprbwi/public_html/admin/vendor/laravel/framework/src/Illuminate/Container/Container.php:914
Stack trace:
#0 /home/crt3y6fprbwi/public_html/admin/vendor/laravel/framework/src/Illuminate/Container/Container.php(795): Illuminate\Container\Container->build()
#1 /home/crt3y6fprbwi/public_html/admin/vendor/laravel/framework/src/Illuminate/Foundation/Application.php(957): Illuminate\Container\Container->resolve()
#2 /home/crt3y6fprbwi/public_html/admin/vendor/laravel/framework/src/Illuminate/Container/Container.php(297): Illuminate\Foundation\Application->resolve()
#3 /home/crt3y6fprbwi/public_html/admin/vendor/laravel/framework/src/Illuminate/Container/Container.php(908): Illuminate\Container\Container->Illuminate\Container\{closure}()
#4 /home/crt3y6fprbwi/public_html/admin/vendor/laravel/framework/src/Illuminate/Container/Container.php(795): Illuminate\Container\Container->build()
#5 /home/crt3y6fprbwi/public_html/admin/vendor/laravel/framework/src/Illuminate/Foundation/Application.php(957): Illuminate\Container\Container->resolve()
#6 /home/crt3y6fprbwi/public_html/admin/vendor/laravel/framework/src/Illuminate/Container/Container.php(731): Illuminate\Foundation\Application->resolve()
#7 /home/crt3y6fprbwi/public_html/admin/vendor/laravel/framework/src/Illuminate/Foundation/Application.php(942): Illuminate\Container\Container->make()
#8 /home/crt3y6fprbwi/public_html/admin/public/index.php(49): Illuminate\Foundation\Application->make()
#9 {main}
  thrown in /home/crt3y6fprbwi/public_html/admin/vendor/laravel/framework/src/Illuminate/Container/Container.php on line 914
[06-Apr-2024 05:19:35 UTC] PHP Warning:  include(/home/crt3y6fprbwi/public_html/admin/vendor/composer/../../app/Http/Kernel.php): Failed to open stream: No such file or directory in /home/crt3y6fprbwi/public_html/admin/vendor/composer/ClassLoader.php on line 576
[06-Apr-2024 05:19:35 UTC] PHP Warning:  include(): Failed opening '/home/crt3y6fprbwi/public_html/admin/vendor/composer/../../app/Http/Kernel.php' for inclusion (include_path='.:/opt/alt/php81/usr/share/pear:/opt/alt/php81/usr/share/php:/usr/share/pear:/usr/share/php') in /home/crt3y6fprbwi/public_html/admin/vendor/composer/ClassLoader.php on line 576
[06-Apr-2024 05:19:35 UTC] PHP Fatal error:  Uncaught ReflectionException: Class "App\Http\Kernel" does not exist in /home/crt3y6fprbwi/public_html/admin/vendor/laravel/framework/src/Illuminate/Container/Container.php:912
Stack trace:
#0 /home/crt3y6fprbwi/public_html/admin/vendor/laravel/framework/src/Illuminate/Container/Container.php(912): ReflectionClass->__construct()
#1 /home/crt3y6fprbwi/public_html/admin/vendor/laravel/framework/src/Illuminate/Container/Container.php(795): Illuminate\Container\Container->build()
#2 /home/crt3y6fprbwi/public_html/admin/vendor/laravel/framework/src/Illuminate/Foundation/Application.php(957): Illuminate\Container\Container->resolve()
#3 /home/crt3y6fprbwi/public_html/admin/vendor/laravel/framework/src/Illuminate/Container/Container.php(297): Illuminate\Foundation\Application->resolve()
#4 /home/crt3y6fprbwi/public_html/admin/vendor/laravel/framework/src/Illuminate/Container/Container.php(908): Illuminate\Container\Container->Illuminate\Container\{closure}()
#5 /home/crt3y6fprbwi/public_html/admin/vendor/laravel/framework/src/Illuminate/Container/Container.php(795): Illuminate\Container\Container->build()
#6 /home/crt3y6fprbwi/public_html/admin/vendor/laravel/framework/src/Illuminate/Foundation/Application.php(957): Illuminate\Container\Container->resolve()
#7 /home/crt3y6fprbwi/public_html/admin/vendor/laravel/framework/src/Illuminate/Container/Container.php(731): Illuminate\Foundation\Application->resolve()
#8 /home/crt3y6fprbwi/public_html/admin/vendor/laravel/framework/src/Illuminate/Foundation/Application.php(942): Illuminate\Container\Container->make()
#9 /home/crt3y6fprbwi/public_html/admin/public/index.php(49): Illuminate\Foundation\Application->make()
#10 {main}

Next Illuminate\Contracts\Container\BindingResolutionException: Target class [App\Http\Kernel] does not exist. in /home/crt3y6fprbwi/public_html/admin/vendor/laravel/framework/src/Illuminate/Container/Container.php:914
Stack trace:
#0 /home/crt3y6fprbwi/public_html/admin/vendor/laravel/framework/src/Illuminate/Container/Container.php(795): Illuminate\Container\Container->build()
#1 /home/crt3y6fprbwi/public_html/admin/vendor/laravel/framework/src/Illuminate/Foundation/Application.php(957): Illuminate\Container\Container->resolve()
#2 /home/crt3y6fprbwi/public_html/admin/vendor/laravel/framework/src/Illuminate/Container/Container.php(297): Illuminate\Foundation\Application->resolve()
#3 /home/crt3y6fprbwi/public_html/admin/vendor/laravel/framework/src/Illuminate/Container/Container.php(908): Illuminate\Container\Container->Illuminate\Container\{closure}()
#4 /home/crt3y6fprbwi/public_html/admin/vendor/laravel/framework/src/Illuminate/Container/Container.php(795): Illuminate\Container\Container->build()
#5 /home/crt3y6fprbwi/public_html/admin/vendor/laravel/framework/src/Illuminate/Foundation/Application.php(957): Illuminate\Container\Container->resolve()
#6 /home/crt3y6fprbwi/public_html/admin/vendor/laravel/framework/src/Illuminate/Container/Container.php(731): Illuminate\Foundation\Application->resolve()
#7 /home/crt3y6fprbwi/public_html/admin/vendor/laravel/framework/src/Illuminate/Foundation/Application.php(942): Illuminate\Container\Container->make()
#8 /home/crt3y6fprbwi/public_html/admin/public/index.php(49): Illuminate\Foundation\Application->make()
#9 {main}
  thrown in /home/crt3y6fprbwi/public_html/admin/vendor/laravel/framework/src/Illuminate/Container/Container.php on line 914
[06-Apr-2024 05:19:56 UTC] PHP Warning:  include(/home/crt3y6fprbwi/public_html/admin/vendor/composer/../../app/Http/Kernel.php): Failed to open stream: No such file or directory in /home/crt3y6fprbwi/public_html/admin/vendor/composer/ClassLoader.php on line 576
[06-Apr-2024 05:19:56 UTC] PHP Warning:  include(/home/crt3y6fprbwi/public_html/admin/vendor/composer/../../app/Http/Kernel.php): Failed to open stream: No such file or directory in /home/crt3y6fprbwi/public_html/admin/vendor/composer/ClassLoader.php on line 576
[06-Apr-2024 05:19:56 UTC] PHP Warning:  include(/home/crt3y6fprbwi/public_html/admin/vendor/composer/../../app/Http/Kernel.php): Failed to open stream: No such file or directory in /home/crt3y6fprbwi/public_html/admin/vendor/composer/ClassLoader.php on line 576
[06-Apr-2024 05:19:56 UTC] PHP Warning:  include(/home/crt3y6fprbwi/public_html/admin/vendor/composer/../../app/Http/Kernel.php): Failed to open stream: No such file or directory in /home/crt3y6fprbwi/public_html/admin/vendor/composer/ClassLoader.php on line 576
[06-Apr-2024 05:19:56 UTC] PHP Warning:  include(): Failed opening '/home/crt3y6fprbwi/public_html/admin/vendor/composer/../../app/Http/Kernel.php' for inclusion (include_path='.:/opt/alt/php81/usr/share/pear:/opt/alt/php81/usr/share/php:/usr/share/pear:/usr/share/php') in /home/crt3y6fprbwi/public_html/admin/vendor/composer/ClassLoader.php on line 576
[06-Apr-2024 05:19:56 UTC] PHP Warning:  include(): Failed opening '/home/crt3y6fprbwi/public_html/admin/vendor/composer/../../app/Http/Kernel.php' for inclusion (include_path='.:/opt/alt/php81/usr/share/pear:/opt/alt/php81/usr/share/php:/usr/share/pear:/usr/share/php') in /home/crt3y6fprbwi/public_html/admin/vendor/composer/ClassLoader.php on line 576
[06-Apr-2024 05:19:56 UTC] PHP Warning:  include(): Failed opening '/home/crt3y6fprbwi/public_html/admin/vendor/composer/../../app/Http/Kernel.php' for inclusion (include_path='.:/opt/alt/php81/usr/share/pear:/opt/alt/php81/usr/share/php:/usr/share/pear:/usr/share/php') in /home/crt3y6fprbwi/public_html/admin/vendor/composer/ClassLoader.php on line 576
[06-Apr-2024 05:19:56 UTC] PHP Warning:  include(): Failed opening '/home/crt3y6fprbwi/public_html/admin/vendor/composer/../../app/Http/Kernel.php' for inclusion (include_path='.:/opt/alt/php81/usr/share/pear:/opt/alt/php81/usr/share/php:/usr/share/pear:/usr/share/php') in /home/crt3y6fprbwi/public_html/admin/vendor/composer/ClassLoader.php on line 576
[06-Apr-2024 05:19:56 UTC] PHP Fatal error:  Uncaught ReflectionException: Class "App\Http\Kernel" does not exist in /home/crt3y6fprbwi/public_html/admin/vendor/laravel/framework/src/Illuminate/Container/Container.php:912
Stack trace:
#0 /home/crt3y6fprbwi/public_html/admin/vendor/laravel/framework/src/Illuminate/Container/Container.php(912): ReflectionClass->__construct()
#1 /home/crt3y6fprbwi/public_html/admin/vendor/laravel/framework/src/Illuminate/Container/Container.php(795): Illuminate\Container\Container->build()
#2 /home/crt3y6fprbwi/public_html/admin/vendor/laravel/framework/src/Illuminate/Foundation/Application.php(957): Illuminate\Container\Container->resolve()
#3 /home/crt3y6fprbwi/public_html/admin/vendor/laravel/framework/src/Illuminate/Container/Container.php(297): Illuminate\Foundation\Application->resolve()
#4 /home/crt3y6fprbwi/public_html/admin/vendor/laravel/framework/src/Illuminate/Container/Container.php(908): Illuminate\Container\Container->Illuminate\Container\{closure}()
#5 /home/crt3y6fprbwi/public_html/admin/vendor/laravel/framework/src/Illuminate/Container/Container.php(795): Illuminate\Container\Container->build()
#6 /home/crt3y6fprbwi/public_html/admin/vendor/laravel/framework/src/Illuminate/Foundation/Application.php(957): Illuminate\Container\Container->resolve()
#7 /home/crt3y6fprbwi/public_html/admin/vendor/laravel/framework/src/Illuminate/Container/Container.php(731): Illuminate\Foundation\Application->resolve()
#8 /home/crt3y6fprbwi/public_html/admin/vendor/laravel/framework/src/Illuminate/Foundation/Application.php(942): Illuminate\Container\Container->make()
#9 /home/crt3y6fprbwi/public_html/admin/public/index.php(49): Illuminate\Foundation\Application->make()
#10 {main}

Next Illuminate\Contracts\Container\BindingResolutionException: Target class [App\Http\Kernel] does not exist. in /home/crt3y6fprbwi/public_html/admin/vendor/laravel/framework/src/Illuminate/Container/Container.php:914
Stack trace:
#0 /home/crt3y6fprbwi/public_html/admin/vendor/laravel/framework/src/Illuminate/Container/Container.php(795): Illuminate\Container\Container->build()
#1 /home/crt3y6fprbwi/public_html/admin/vendor/laravel/framework/src/Illuminate/Foundation/Application.php(957): Illuminate\Container\Container->resolve()
#2 /home/crt3y6fprbwi/public_html/admin/vendor/laravel/framework/src/Illuminate/Container/Container.php(297): Illuminate\Foundation\Application->resolve()
#3 /home/crt3y6fprbwi/public_html/admin/vendor/laravel/framework/src/Illuminate/Container/Container.php(908): Illuminate\Container\Container->Illuminate\Container\{closure}()
#4 /home/crt3y6fprbwi/public_html/admin/vendor/laravel/framework/src/Illuminate/Container/Container.php(795): Illuminate\Container\Container->build()
#5 /home/crt3y6fprbwi/public_html/admin/vendor/laravel/framework/src/Illuminate/Foundation/Application.php(957): Illuminate\Container\Container->resolve()
#6 /home/crt3y6fprbwi/public_html/admin/vendor/laravel/framework/src/Illuminate/Container/Container.php(731): Illuminate\Foundation\Application->resolve()
#7 /home/crt3y6fprbwi/public_html/admin/vendor/laravel/framework/src/Illuminate/Foundation/Application.php(942): Illuminate\Container\Container->make()
#8 /home/crt3y6fprbwi/public_html/admin/public/index.php(49): Illuminate\Foundation\Application->make()
#9 {main}
  thrown in /home/crt3y6fprbwi/public_html/admin/vendor/laravel/framework/src/Illuminate/Container/Container.php on line 914
[06-Apr-2024 05:19:56 UTC] PHP Fatal error:  Uncaught ReflectionException: Class "App\Http\Kernel" does not exist in /home/crt3y6fprbwi/public_html/admin/vendor/laravel/framework/src/Illuminate/Container/Container.php:912
Stack trace:
#0 /home/crt3y6fprbwi/public_html/admin/vendor/laravel/framework/src/Illuminate/Container/Container.php(912): ReflectionClass->__construct()
#1 /home/crt3y6fprbwi/public_html/admin/vendor/laravel/framework/src/Illuminate/Container/Container.php(795): Illuminate\Container\Container->build()
#2 /home/crt3y6fprbwi/public_html/admin/vendor/laravel/framework/src/Illuminate/Foundation/Application.php(957): Illuminate\Container\Container->resolve()
#3 /home/crt3y6fprbwi/public_html/admin/vendor/laravel/framework/src/Illuminate/Container/Container.php(297): Illuminate\Foundation\Application->resolve()
#4 /home/crt3y6fprbwi/public_html/admin/vendor/laravel/framework/src/Illuminate/Container/Container.php(908): Illuminate\Container\Container->Illuminate\Container\{closure}()
#5 /home/crt3y6fprbwi/public_html/admin/vendor/laravel/framework/src/Illuminate/Container/Container.php(795): Illuminate\Container\Container->build()
#6 /home/crt3y6fprbwi/public_html/admin/vendor/laravel/framework/src/Illuminate/Foundation/Application.php(957): Illuminate\Container\Container->resolve()
#7 /home/crt3y6fprbwi/public_html/admin/vendor/laravel/framework/src/Illuminate/Container/Container.php(731): Illuminate\Foundation\Application->resolve()
#8 /home/crt3y6fprbwi/public_html/admin/vendor/laravel/framework/src/Illuminate/Foundation/Application.php(942): Illuminate\Container\Container->make()
#9 /home/crt3y6fprbwi/public_html/admin/public/index.php(49): Illuminate\Foundation\Application->make()
#10 {main}

Next Illuminate\Contracts\Container\BindingResolutionException: Target class [App\Http\Kernel] does not exist. in /home/crt3y6fprbwi/public_html/admin/vendor/laravel/framework/src/Illuminate/Container/Container.php:914
Stack trace:
#0 /home/crt3y6fprbwi/public_html/admin/vendor/laravel/framework/src/Illuminate/Container/Container.php(795): Illuminate\Container\Container->build()
#1 /home/crt3y6fprbwi/public_html/admin/vendor/laravel/framework/src/Illuminate/Foundation/Application.php(957): Illuminate\Container\Container->resolve()
#2 /home/crt3y6fprbwi/public_html/admin/vendor/laravel/framework/src/Illuminate/Container/Container.php(297): Illuminate\Foundation\Application->resolve()
#3 /home/crt3y6fprbwi/public_html/admin/vendor/laravel/framework/src/Illuminate/Container/Container.php(908): Illuminate\Container\Container->Illuminate\Container\{closure}()
#4 /home/crt3y6fprbwi/public_html/admin/vendor/laravel/framework/src/Illuminate/Container/Container.php(795): Illuminate\Container\Container->build()
#5 /home/crt3y6fprbwi/public_html/admin/vendor/laravel/framework/src/Illuminate/Foundation/Application.php(957): Illuminate\Container\Container->resolve()
#6 /home/crt3y6fprbwi/public_html/admin/vendor/laravel/framework/src/Illuminate/Container/Container.php(731): Illuminate\Foundation\Application->resolve()
#7 /home/crt3y6fprbwi/public_html/admin/vendor/laravel/framework/src/Illuminate/Foundation/Application.php(942): Illuminate\Container\Container->make()
#8 /home/crt3y6fprbwi/public_html/admin/public/index.php(49): Illuminate\Foundation\Application->make()
#9 {main}
  thrown in /home/crt3y6fprbwi/public_html/admin/vendor/laravel/framework/src/Illuminate/Container/Container.php on line 914
[06-Apr-2024 05:19:56 UTC] PHP Fatal error:  Uncaught ReflectionException: Class "App\Http\Kernel" does not exist in /home/crt3y6fprbwi/public_html/admin/vendor/laravel/framework/src/Illuminate/Container/Container.php:912
Stack trace:
#0 /home/crt3y6fprbwi/public_html/admin/vendor/laravel/framework/src/Illuminate/Container/Container.php(912): ReflectionClass->__construct()
#1 /home/crt3y6fprbwi/public_html/admin/vendor/laravel/framework/src/Illuminate/Container/Container.php(795): Illuminate\Container\Container->build()
#2 /home/crt3y6fprbwi/public_html/admin/vendor/laravel/framework/src/Illuminate/Foundation/Application.php(957): Illuminate\Container\Container->resolve()
#3 /home/crt3y6fprbwi/public_html/admin/vendor/laravel/framework/src/Illuminate/Container/Container.php(297): Illuminate\Foundation\Application->resolve()
#4 /home/crt3y6fprbwi/public_html/admin/vendor/laravel/framework/src/Illuminate/Container/Container.php(908): Illuminate\Container\Container->Illuminate\Container\{closure}()
#5 /home/crt3y6fprbwi/public_html/admin/vendor/laravel/framework/src/Illuminate/Container/Container.php(795): Illuminate\Container\Container->build()
#6 /home/crt3y6fprbwi/public_html/admin/vendor/laravel/framework/src/Illuminate/Foundation/Application.php(957): Illuminate\Container\Container->resolve()
#7 /home/crt3y6fprbwi/public_html/admin/vendor/laravel/framework/src/Illuminate/Container/Container.php(731): Illuminate\Foundation\Application->resolve()
#8 /home/crt3y6fprbwi/public_html/admin/vendor/laravel/framework/src/Illuminate/Foundation/Application.php(942): Illuminate\Container\Container->make()
#9 /home/crt3y6fprbwi/public_html/admin/public/index.php(49): Illuminate\Foundation\Application->make()
#10 {main}

Next Illuminate\Contracts\Container\BindingResolutionException: Target class [App\Http\Kernel] does not exist. in /home/crt3y6fprbwi/public_html/admin/vendor/laravel/framework/src/Illuminate/Container/Container.php:914
Stack trace:
#0 /home/crt3y6fprbwi/public_html/admin/vendor/laravel/framework/src/Illuminate/Container/Container.php(795): Illuminate\Container\Container->build()
#1 /home/crt3y6fprbwi/public_html/admin/vendor/laravel/framework/src/Illuminate/Foundation/Application.php(957): Illuminate\Container\Container->resolve()
#2 /home/crt3y6fprbwi/public_html/admin/vendor/laravel/framework/src/Illuminate/Container/Container.php(297): Illuminate\Foundation\Application->resolve()
#3 /home/crt3y6fprbwi/public_html/admin/vendor/laravel/framework/src/Illuminate/Container/Container.php(908): Illuminate\Container\Container->Illuminate\Container\{closure}()
#4 /home/crt3y6fprbwi/public_html/admin/vendor/laravel/framework/src/Illuminate/Container/Container.php(795): Illuminate\Container\Container->build()
#5 /home/crt3y6fprbwi/public_html/admin/vendor/laravel/framework/src/Illuminate/Foundation/Application.php(957): Illuminate\Container\Container->resolve()
#6 /home/crt3y6fprbwi/public_html/admin/vendor/laravel/framework/src/Illuminate/Container/Container.php(731): Illuminate\Foundation\Application->resolve()
#7 /home/crt3y6fprbwi/public_html/admin/vendor/laravel/framework/src/Illuminate/Foundation/Application.php(942): Illuminate\Container\Container->make()
#8 /home/crt3y6fprbwi/public_html/admin/public/index.php(49): Illuminate\Foundation\Application->make()
#9 {main}
  thrown in /home/crt3y6fprbwi/public_html/admin/vendor/laravel/framework/src/Illuminate/Container/Container.php on line 914
[06-Apr-2024 05:19:56 UTC] PHP Fatal error:  Uncaught ReflectionException: Class "App\Http\Kernel" does not exist in /home/crt3y6fprbwi/public_html/admin/vendor/laravel/framework/src/Illuminate/Container/Container.php:912
Stack trace:
#0 /home/crt3y6fprbwi/public_html/admin/vendor/laravel/framework/src/Illuminate/Container/Container.php(912): ReflectionClass->__construct()
#1 /home/crt3y6fprbwi/public_html/admin/vendor/laravel/framework/src/Illuminate/Container/Container.php(795): Illuminate\Container\Container->build()
#2 /home/crt3y6fprbwi/public_html/admin/vendor/laravel/framework/src/Illuminate/Foundation/Application.php(957): Illuminate\Container\Container->resolve()
#3 /home/crt3y6fprbwi/public_html/admin/vendor/laravel/framework/src/Illuminate/Container/Container.php(297): Illuminate\Foundation\Application->resolve()
#4 /home/crt3y6fprbwi/public_html/admin/vendor/laravel/framework/src/Illuminate/Container/Container.php(908): Illuminate\Container\Container->Illuminate\Container\{closure}()
#5 /home/crt3y6fprbwi/public_html/admin/vendor/laravel/framework/src/Illuminate/Container/Container.php(795): Illuminate\Container\Container->build()
#6 /home/crt3y6fprbwi/public_html/admin/vendor/laravel/framework/src/Illuminate/Foundation/Application.php(957): Illuminate\Container\Container->resolve()
#7 /home/crt3y6fprbwi/public_html/admin/vendor/laravel/framework/src/Illuminate/Container/Container.php(731): Illuminate\Foundation\Application->resolve()
#8 /home/crt3y6fprbwi/public_html/admin/vendor/laravel/framework/src/Illuminate/Foundation/Application.php(942): Illuminate\Container\Container->make()
#9 /home/crt3y6fprbwi/public_html/admin/public/index.php(49): Illuminate\Foundation\Application->make()
#10 {main}

Next Illuminate\Contracts\Container\BindingResolutionException: Target class [App\Http\Kernel] does not exist. in /home/crt3y6fprbwi/public_html/admin/vendor/laravel/framework/src/Illuminate/Container/Container.php:914
Stack trace:
#0 /home/crt3y6fprbwi/public_html/admin/vendor/laravel/framework/src/Illuminate/Container/Container.php(795): Illuminate\Container\Container->build()
#1 /home/crt3y6fprbwi/public_html/admin/vendor/laravel/framework/src/Illuminate/Foundation/Application.php(957): Illuminate\Container\Container->resolve()
#2 /home/crt3y6fprbwi/public_html/admin/vendor/laravel/framework/src/Illuminate/Container/Container.php(297): Illuminate\Foundation\Application->resolve()
#3 /home/crt3y6fprbwi/public_html/admin/vendor/laravel/framework/src/Illuminate/Container/Container.php(908): Illuminate\Container\Container->Illuminate\Container\{closure}()
#4 /home/crt3y6fprbwi/public_html/admin/vendor/laravel/framework/src/Illuminate/Container/Container.php(795): Illuminate\Container\Container->build()
#5 /home/crt3y6fprbwi/public_html/admin/vendor/laravel/framework/src/Illuminate/Foundation/Application.php(957): Illuminate\Container\Container->resolve()
#6 /home/crt3y6fprbwi/public_html/admin/vendor/laravel/framework/src/Illuminate/Container/Container.php(731): Illuminate\Foundation\Application->resolve()
#7 /home/crt3y6fprbwi/public_html/admin/vendor/laravel/framework/src/Illuminate/Foundation/Application.php(942): Illuminate\Container\Container->make()
#8 /home/crt3y6fprbwi/public_html/admin/public/index.php(49): Illuminate\Foundation\Application->make()
#9 {main}
  thrown in /home/crt3y6fprbwi/public_html/admin/vendor/laravel/framework/src/Illuminate/Container/Container.php on line 914
[06-Apr-2024 17:13:39 Asia/Kolkata] PHP Fatal error:  Cannot use App\Models\User as User because the name is already in use in /home/crt3y6fprbwi/public_html/admin/app/Http/Controllers/Home/Auth/LoginController.php on line 12
[04-Jul-2024 11:28:42 UTC] PHP Warning:  require_once(/home/crt3y6fprbwi/public_html/admin/vendor/composer/autoload_real.php): Failed to open stream: No such file or directory in /home/crt3y6fprbwi/public_html/admin/vendor/autoload.php on line 23
[04-Jul-2024 11:28:42 UTC] PHP Fatal error:  Uncaught Error: Failed opening required '/home/crt3y6fprbwi/public_html/admin/vendor/composer/autoload_real.php' (include_path='.:/opt/alt/php81/usr/share/pear:/opt/alt/php81/usr/share/php:/usr/share/pear:/usr/share/php') in /home/crt3y6fprbwi/public_html/admin/vendor/autoload.php:23
Stack trace:
#0 /home/crt3y6fprbwi/public_html/admin/public/index.php(34): require()
#1 {main}
  thrown in /home/crt3y6fprbwi/public_html/admin/vendor/autoload.php on line 23
[04-Jul-2024 11:28:42 UTC] PHP Warning:  require_once(/home/crt3y6fprbwi/public_html/admin/vendor/composer/autoload_real.php): Failed to open stream: No such file or directory in /home/crt3y6fprbwi/public_html/admin/vendor/autoload.php on line 23
[04-Jul-2024 11:28:42 UTC] PHP Fatal error:  Uncaught Error: Failed opening required '/home/crt3y6fprbwi/public_html/admin/vendor/composer/autoload_real.php' (include_path='.:/opt/alt/php81/usr/share/pear:/opt/alt/php81/usr/share/php:/usr/share/pear:/usr/share/php') in /home/crt3y6fprbwi/public_html/admin/vendor/autoload.php:23
Stack trace:
#0 /home/crt3y6fprbwi/public_html/admin/public/index.php(34): require()
#1 {main}
  thrown in /home/crt3y6fprbwi/public_html/admin/vendor/autoload.php on line 23
[15-Nov-2024 11:22:30 Asia/Kolkata] PHP Fatal error:  Cannot declare class App\Http\Controllers\API\CategoryController, because the name is already in use in /home/crt3y6fprbwi/public_html/admin/app/Http/Controllers/API/GetInTouchController.php on line 0
[10-Dec-2024 12:02:04 Asia/Kolkata] PHP Fatal error:  Cannot redeclare App\Http\Controllers\API\MyCartController::getCartItemstest() in /home/crt3y6fprbwi/public_html/admin/app/Http/Controllers/API/MyCartController.php on line 139
[10-Dec-2024 12:03:02 Asia/Kolkata] PHP Fatal error:  Cannot redeclare App\Http\Controllers\API\MyCartController::getCartItemstest() in /home/crt3y6fprbwi/public_html/admin/app/Http/Controllers/API/MyCartController.php on line 139
[10-Dec-2024 12:03:23 Asia/Kolkata] PHP Fatal error:  Cannot redeclare App\Http\Controllers\API\MyCartController::getCartItemstest() in /home/crt3y6fprbwi/public_html/admin/app/Http/Controllers/API/MyCartController.php on line 139
[25-Jan-2025 01:01:59 Asia/Kolkata] PHP Fatal error:  Cannot redeclare App\Http\Controllers\Home\PickupPointController::delete_pickup_point_data() in /home/crt3y6fprbwi/public_html/admin/app/Http/Controllers/Home/PickupPointController.php on line 165
[28-Jan-2025 10:42:12 Asia/Kolkata] PHP Fatal error:  Allowed memory size of 134217728 bytes exhausted (tried to allocate 98570240 bytes) in /home/crt3y6fprbwi/public_html/admin/app/Http/Controllers/API/AuthController.php on line 1434
[28-Jan-2025 10:42:54 Asia/Kolkata] PHP Fatal error:  Allowed memory size of 134217728 bytes exhausted (tried to allocate 98570240 bytes) in /home/crt3y6fprbwi/public_html/admin/app/Http/Controllers/API/AuthController.php on line 1434
[28-Jan-2025 10:43:37 Asia/Kolkata] PHP Fatal error:  Allowed memory size of 134217728 bytes exhausted (tried to allocate 98570240 bytes) in /home/crt3y6fprbwi/public_html/admin/app/Http/Controllers/API/AuthController.php on line 1434
[30-Jan-2025 11:37:45 Asia/Kolkata] PHP Fatal error:  Cannot declare class App\Http\Controllers\PickupPoint\PickupPointController, because the name is already in use in /home/crt3y6fprbwi/public_html/admin/app/Http/Controllers/API/PickupPointController.php on line 0
[30-Jan-2025 11:39:41 Asia/Kolkata] PHP Fatal error:  Cannot declare class App\Http\Controllers\PickupPoint\PickupPointController, because the name is already in use in /home/crt3y6fprbwi/public_html/admin/app/Http/Controllers/API/PickupPointController.php on line 0
[30-Jan-2025 11:42:15 Asia/Kolkata] PHP Fatal error:  Cannot declare class App\Http\Controllers\PickupPoint\PickupPointController, because the name is already in use in /home/crt3y6fprbwi/public_html/admin/app/Http/Controllers/API/PickupPointController.php on line 0
[30-Jan-2025 11:45:53 Asia/Kolkata] PHP Fatal error:  Cannot declare class App\Http\Controllers\PickupPoint\PickupApiPointController, because the name is already in use in /home/crt3y6fprbwi/public_html/admin/app/Http/Controllers/API/PickupApiPointController.php on line 0
[30-Jan-2025 11:49:18 Asia/Kolkata] PHP Fatal error:  Cannot declare class App\Http\Controllers\PickupPoint\PickupApiPointController, because the name is already in use in /home/crt3y6fprbwi/public_html/admin/app/Http/Controllers/API/PickupApiPointController.php on line 0
[30-Jan-2025 11:50:34 Asia/Kolkata] PHP Fatal error:  Cannot declare class App\Http\Controllers\PickupPoint\PickupApiPointController, because the name is already in use in /home/crt3y6fprbwi/public_html/admin/app/Http/Controllers/API/PickupApiPointController.php on line 0
[30-Jan-2025 11:51:52 Asia/Kolkata] PHP Fatal error:  Cannot declare class App\Http\Controllers\PickupPoint\PickupApiPointController, because the name is already in use in /home/crt3y6fprbwi/public_html/admin/app/Http/Controllers/API/PickupApiPointController.php on line 0
[30-Jan-2025 11:52:37 Asia/Kolkata] PHP Fatal error:  Cannot declare class App\Http\Controllers\PickupPoint\PickupApiPointController, because the name is already in use in /home/crt3y6fprbwi/public_html/admin/app/Http/Controllers/API/PickupApiPointController.php on line 0
[30-Jan-2025 11:53:02 Asia/Kolkata] PHP Fatal error:  Cannot declare class App\Http\Controllers\PickupPoint\PickupApiPointController, because the name is already in use in /home/crt3y6fprbwi/public_html/admin/app/Http/Controllers/API/PickupApiPointController.php on line 0
[30-Jan-2025 12:02:02 Asia/Kolkata] PHP Fatal error:  Cannot declare class App\Http\Controllers\PickupPoint\PickupApiPointController, because the name is already in use in /home/crt3y6fprbwi/public_html/admin/app/Http/Controllers/API/PickupApiPointController.php on line 0
[30-Jan-2025 12:04:23 Asia/Kolkata] PHP Fatal error:  Cannot declare class App\Http\Controllers\PickupPoint\PickupApiPointController, because the name is already in use in /home/crt3y6fprbwi/public_html/admin/app/Http/Controllers/API/PickupApiPointController.php on line 0
[30-Jan-2025 12:21:06 Asia/Kolkata] PHP Fatal error:  Cannot declare class App\Http\Controllers\PickupPoint\PickupApiPointController, because the name is already in use in /home/crt3y6fprbwi/public_html/admin/app/Http/Controllers/API/PickupApiPointController.php on line 0
[30-Jan-2025 12:24:22 Asia/Kolkata] PHP Fatal error:  Cannot declare class App\Http\Controllers\PickupApiPointController\PickupApiPointController, because the name is already in use in /home/crt3y6fprbwi/public_html/admin/app/Http/Controllers/API/PickupApiPointController.php on line 0
[02-Feb-2025 23:37:27 Asia/Kolkata] PHP Fatal error:  Cannot declare class App\Http\Controllers\Home\VendorPickupLocation because the name is already in use in /home/crt3y6fprbwi/public_html/admin/app/Http/Controllers/Home/VendorPickupLocation.php on line 16
[22-Feb-2025 16:43:55 Asia/Kolkata] PHP Fatal error:  Cannot declare class App\Http\Controllers\API\ShiprocketController, because the name is already in use in /home/crt3y6fprbwi/public_html/admin/app/Http/Controllers/API/Shiprocket/ShiprocketController.php on line 0
[03-Mar-2025 18:31:14 Asia/Kolkata] PHP Fatal error:  Cannot use empty array elements in arrays in /home/crt3y6fprbwi/public_html/admin/app/Http/Controllers/API/OrderController.php on line 821
[03-Mar-2025 18:31:46 Asia/Kolkata] PHP Fatal error:  Cannot use empty array elements in arrays in /home/crt3y6fprbwi/public_html/admin/app/Http/Controllers/API/OrderController.php on line 821
[03-Mar-2025 18:33:39 Asia/Kolkata] PHP Fatal error:  Cannot use empty array elements in arrays in /home/crt3y6fprbwi/public_html/admin/app/Http/Controllers/API/OrderController.php on line 821
[03-Mar-2025 18:33:54 Asia/Kolkata] PHP Fatal error:  Cannot use empty array elements in arrays in /home/crt3y6fprbwi/public_html/admin/app/Http/Controllers/API/OrderController.php on line 821
[03-Mar-2025 18:34:00 Asia/Kolkata] PHP Fatal error:  Cannot use empty array elements in arrays in /home/crt3y6fprbwi/public_html/admin/app/Http/Controllers/API/OrderController.php on line 821
[03-Mar-2025 18:34:02 Asia/Kolkata] PHP Fatal error:  Cannot use empty array elements in arrays in /home/crt3y6fprbwi/public_html/admin/app/Http/Controllers/API/OrderController.php on line 821
[10-Mar-2025 23:26:40 Asia/Kolkata] PHP Fatal error:  Cannot redeclare App\Http\Controllers\PaymentController::aesEncrypt() in /home/crt3y6fprbwi/public_html/admin/app/Http/Controllers/PaymentController.php on line 40
[14-Mar-2025 00:57:07 Asia/Kolkata] PHP Fatal error:  Namespace declaration statement has to be the very first statement or after any declare call in the script in /home/crt3y6fprbwi/public_html/admin/app/Models/API/OrderPaymentIcici.php on line 4
[14-Mar-2025 00:57:54 Asia/Kolkata] PHP Fatal error:  Namespace declaration statement has to be the very first statement or after any declare call in the script in /home/crt3y6fprbwi/public_html/admin/app/Models/API/OrderPaymentIcici.php on line 4
[14-Mar-2025 01:00:37 Asia/Kolkata] PHP Fatal error:  Namespace declaration statement has to be the very first statement or after any declare call in the script in /home/crt3y6fprbwi/public_html/admin/app/Models/API/OrderPaymentIcici.php on line 4
[14-Mar-2025 01:02:07 Asia/Kolkata] PHP Fatal error:  Namespace declaration statement has to be the very first statement or after any declare call in the script in /home/crt3y6fprbwi/public_html/admin/app/Models/API/OrderPaymentIcici.php on line 4
[14-Mar-2025 01:12:46 Asia/Kolkata] PHP Fatal error:  Namespace declaration statement has to be the very first statement or after any declare call in the script in /home/crt3y6fprbwi/public_html/admin/app/Models/API/OrderPaymentIcici.php on line 4
[15-Apr-2025 19:45:46 Asia/Kolkata] PHP Fatal error:  Cannot redeclare App\Http\Controllers\API\AuthController::decodeToken() in /home/crt3y6fprbwi/public_html/admin/app/Http/Controllers/API/AuthController.php on line 796
[15-Apr-2025 19:46:00 Asia/Kolkata] PHP Fatal error:  Cannot redeclare App\Http\Controllers\API\AuthController::decodeToken() in /home/crt3y6fprbwi/public_html/admin/app/Http/Controllers/API/AuthController.php on line 795
[15-May-2025 18:54:36 Asia/Kolkata] PHP Fatal error:  Cannot declare class App\Http\Controllers\Admin\VendorController, because the name is already in use in /home/crt3y6fprbwi/public_html/admin/app/Http/Controllers/VendorController.php on line 0
[15-May-2025 18:56:48 Asia/Kolkata] PHP Fatal error:  Cannot declare class App\Http\Controllers\Admin\VendorController, because the name is already in use in /home/crt3y6fprbwi/public_html/admin/app/Http/Controllers/VendorController.php on line 0
[16-May-2025 10:13:53 Asia/Kolkata] PHP Fatal error:  Cannot declare class App\Http\Controllers\Admin\VendorController, because the name is already in use in /home/crt3y6fprbwi/public_html/admin/app/Http/Controllers/VendorController.php on line 0
[16-May-2025 10:14:28 Asia/Kolkata] PHP Fatal error:  Cannot declare class App\Http\Controllers\Admin\VendorController, because the name is already in use in /home/crt3y6fprbwi/public_html/admin/app/Http/Controllers/VendorController.php on line 0
[17-May-2025 10:37:09 Asia/Kolkata] PHP Fatal error:  Cannot use Illuminate\Support\Facades\DB as DB because the name is already in use in /home/crt3y6fprbwi/public_html/admin/storage/framework/views/e67b03f40b3b2cff75d3b0b08b5536a6.php on line 343
[17-May-2025 23:47:50 Asia/Kolkata] PHP Fatal error:  Cannot use Illuminate\Support\Facades\DB as DB because the name is already in use in /home/crt3y6fprbwi/public_html/admin/storage/framework/views/e67b03f40b3b2cff75d3b0b08b5536a6.php on line 439
[18-May-2025 00:12:27 Asia/Kolkata] PHP Fatal error:  Cannot use Illuminate\Support\Facades\DB as DB because the name is already in use in /home/crt3y6fprbwi/public_html/admin/storage/framework/views/e67b03f40b3b2cff75d3b0b08b5536a6.php on line 708
[19-May-2025 10:42:31 Asia/Kolkata] PHP Fatal error:  Cannot use Illuminate\Support\Facades\DB as DB because the name is already in use in /home/crt3y6fprbwi/public_html/admin/storage/framework/views/e67b03f40b3b2cff75d3b0b08b5536a6.php on line 432
[19-May-2025 10:51:08 Asia/Kolkata] PHP Fatal error:  Cannot use Illuminate\Support\Facades\DB as DB because the name is already in use in /home/crt3y6fprbwi/public_html/admin/storage/framework/views/e67b03f40b3b2cff75d3b0b08b5536a6.php on line 248
[19-May-2025 10:56:49 Asia/Kolkata] PHP Fatal error:  Cannot use Illuminate\Support\Facades\DB as DB because the name is already in use in /home/crt3y6fprbwi/public_html/admin/storage/framework/views/e67b03f40b3b2cff75d3b0b08b5536a6.php on line 192
[26-May-2025 19:16:45 Asia/Kolkata] PHP Fatal error:  Cannot use DB as DB because the name is already in use in /home/crt3y6fprbwi/public_html/admin/app/Http/Controllers/Home/ClearBillController.php on line 13
